<?xml version="1.0" encoding="UTF-8"?>
<coverage generated="1748046080682" clover="3.2.0">
  <project timestamp="1748046080682" name="All files">
    <metrics statements="120" coveredstatements="105" conditionals="47" coveredconditionals="26" methods="59" coveredmethods="47" elements="226" coveredelements="178" complexity="0" loc="120" ncloc="120" packages="6" files="8" classes="8"/>
    <package name="checker">
      <metrics statements="20" coveredstatements="17" conditionals="8" coveredconditionals="5" methods="10" coveredmethods="6"/>
      <file name="index.ts" path="/Users/medmed/Development/frontend/packages/util-common/src/checker/index.ts">
        <metrics statements="20" coveredstatements="17" conditionals="8" coveredconditionals="5" methods="10" coveredmethods="6"/>
        <line num="1" count="1" type="stmt"/>
        <line num="2" count="2" type="stmt"/>
        <line num="3" count="2" type="stmt"/>
        <line num="4" count="2" type="stmt"/>
        <line num="7" count="1" type="stmt"/>
        <line num="8" count="2" type="cond" truecount="2" falsecount="0"/>
        <line num="10" count="1" type="stmt"/>
        <line num="12" count="1" type="stmt"/>
        <line num="13" count="0" type="cond" truecount="0" falsecount="2"/>
        <line num="15" count="1" type="stmt"/>
        <line num="16" count="0" type="stmt"/>
        <line num="18" count="1" type="stmt"/>
        <line num="19" count="1" type="stmt"/>
        <line num="21" count="1" type="stmt"/>
        <line num="22" count="0" type="stmt"/>
        <line num="24" count="1" type="stmt"/>
        <line num="25" count="6" type="cond" truecount="2" falsecount="0"/>
        <line num="28" count="1" type="stmt"/>
        <line num="29" count="2" type="stmt"/>
        <line num="31" count="1" type="stmt"/>
      </file>
    </package>
    <package name="date">
      <metrics statements="15" coveredstatements="11" conditionals="9" coveredconditionals="2" methods="7" coveredmethods="6"/>
      <file name="index.js" path="/Users/medmed/Development/frontend/packages/util-common/src/date/index.js">
        <metrics statements="15" coveredstatements="11" conditionals="9" coveredconditionals="2" methods="7" coveredmethods="6"/>
        <line num="4" count="1" type="stmt"/>
        <line num="5" count="0" type="stmt"/>
        <line num="6" count="0" type="cond" truecount="0" falsecount="2"/>
        <line num="7" count="0" type="cond" truecount="0" falsecount="2"/>
        <line num="9" count="0" type="stmt"/>
        <line num="12" count="1" type="stmt"/>
        <line num="16" count="1" type="stmt"/>
        <line num="20" count="7" type="stmt"/>
        <line num="21" count="1" type="stmt"/>
        <line num="22" count="1" type="stmt"/>
        <line num="23" count="7" type="stmt"/>
        <line num="25" count="7" type="stmt"/>
        <line num="26" count="7" type="stmt"/>
        <line num="30" count="1" type="cond" truecount="0" falsecount="1"/>
        <line num="33" count="1" type="stmt"/>
      </file>
    </package>
    <package name="entities">
      <metrics statements="40" coveredstatements="35" conditionals="10" coveredconditionals="9" methods="26" coveredmethods="21"/>
      <file name="Maybe.ts" path="/Users/medmed/Development/frontend/packages/util-common/src/entities/Maybe.ts">
        <metrics statements="12" coveredstatements="12" conditionals="5" coveredconditionals="4" methods="9" coveredmethods="9"/>
        <line num="14" count="20" type="stmt"/>
        <line num="15" count="4" type="stmt"/>
        <line num="16" count="8" type="stmt"/>
        <line num="17" count="7" type="stmt"/>
        <line num="22" count="10" type="stmt"/>
        <line num="23" count="1" type="stmt"/>
        <line num="24" count="2" type="stmt"/>
        <line num="25" count="5" type="stmt"/>
        <line num="30" count="1" type="stmt"/>
        <line num="31" count="27" type="cond" truecount="3" falsecount="0"/>
        <line num="32" count="20" type="stmt"/>
        <line num="33" count="20" type="cond" truecount="1" falsecount="1"/>
      </file>
      <file name="Obj.ts" path="/Users/medmed/Development/frontend/packages/util-common/src/entities/Obj.ts">
        <metrics statements="28" coveredstatements="23" conditionals="5" coveredconditionals="5" methods="17" coveredmethods="12"/>
        <line num="14" count="24" type="stmt"/>
        <line num="15" count="2" type="stmt"/>
        <line num="16" count="0" type="stmt"/>
        <line num="17" count="10" type="stmt"/>
        <line num="19" count="2" type="stmt"/>
        <line num="20" count="2" type="stmt"/>
        <line num="21" count="3" type="cond" truecount="1" falsecount="0"/>
        <line num="22" count="1" type="stmt"/>
        <line num="25" count="2" type="stmt"/>
        <line num="28" count="3" type="stmt"/>
        <line num="29" count="3" type="cond" truecount="2" falsecount="0"/>
        <line num="30" count="4" type="stmt"/>
        <line num="31" count="3" type="stmt"/>
        <line num="34" count="3" type="stmt"/>
        <line num="35" count="3" type="stmt"/>
        <line num="36" count="8" type="cond" truecount="1" falsecount="0"/>
        <line num="37" count="4" type="stmt"/>
        <line num="40" count="3" type="stmt"/>
        <line num="43" count="0" type="stmt"/>
        <line num="44" count="0" type="stmt"/>
        <line num="47" count="0" type="stmt"/>
        <line num="49" count="1" type="stmt"/>
        <line num="50" count="2" type="cond" truecount="1" falsecount="0"/>
        <line num="51" count="1" type="stmt"/>
        <line num="53" count="2" type="stmt"/>
        <line num="55" count="1" type="stmt"/>
        <line num="57" count="3" type="stmt"/>
        <line num="58" count="0" type="stmt"/>
      </file>
    </package>
    <package name="formatter">
      <metrics statements="9" coveredstatements="9" conditionals="5" coveredconditionals="4" methods="4" coveredmethods="4"/>
      <file name="phoneNumbers.ts" path="/Users/medmed/Development/frontend/packages/util-common/src/formatter/phoneNumbers.ts">
        <metrics statements="9" coveredstatements="9" conditionals="5" coveredconditionals="4" methods="4" coveredmethods="4"/>
        <line num="2" count="1" type="stmt"/>
        <line num="3" count="4" type="stmt"/>
        <line num="6" count="1" type="stmt"/>
        <line num="7" count="2" type="stmt"/>
        <line num="13" count="1" type="stmt"/>
        <line num="14" count="3" type="cond" truecount="2" falsecount="0"/>
        <line num="18" count="1" type="stmt"/>
        <line num="22" count="2" type="stmt"/>
        <line num="25" count="2" type="cond" truecount="1" falsecount="1"/>
      </file>
    </package>
    <package name="next">
      <metrics statements="26" coveredstatements="25" conditionals="8" coveredconditionals="5" methods="8" coveredmethods="8"/>
      <file name="index.js" path="/Users/medmed/Development/frontend/packages/util-common/src/next/index.js">
        <metrics statements="26" coveredstatements="25" conditionals="8" coveredconditionals="5" methods="8" coveredmethods="8"/>
        <line num="2" count="1" type="stmt"/>
        <line num="3" count="2" type="cond" truecount="1" falsecount="0"/>
        <line num="4" count="2" type="stmt"/>
        <line num="6" count="2" type="stmt"/>
        <line num="7" count="2" type="stmt"/>
        <line num="8" count="6" type="cond" truecount="1" falsecount="1"/>
        <line num="9" count="0" type="stmt"/>
        <line num="11" count="6" type="stmt"/>
        <line num="13" count="6" type="cond" truecount="2" falsecount="0"/>
        <line num="14" count="5" type="cond" truecount="0" falsecount="1"/>
        <line num="15" count="4" type="stmt"/>
        <line num="16" count="4" type="stmt"/>
        <line num="17" count="4" type="stmt"/>
        <line num="22" count="4" type="stmt"/>
        <line num="25" count="5" type="stmt"/>
        <line num="29" count="2" type="stmt"/>
        <line num="31" count="2" type="stmt"/>
        <line num="35" count="1" type="stmt"/>
        <line num="36" count="2" type="stmt"/>
        <line num="37" count="2" type="stmt"/>
        <line num="38" count="2" type="stmt"/>
        <line num="39" count="5" type="stmt"/>
        <line num="41" count="4" type="cond" truecount="1" falsecount="1"/>
        <line num="42" count="4" type="stmt"/>
        <line num="51" count="2" type="stmt"/>
        <line num="52" count="2" type="stmt"/>
      </file>
    </package>
    <package name="text">
      <metrics statements="10" coveredstatements="8" conditionals="7" coveredconditionals="1" methods="4" coveredmethods="2"/>
      <file name="index.js" path="/Users/medmed/Development/frontend/packages/util-common/src/text/index.js">
        <metrics statements="0" coveredstatements="0" conditionals="0" coveredconditionals="0" methods="0" coveredmethods="0"/>
      </file>
      <file name="text.js" path="/Users/medmed/Development/frontend/packages/util-common/src/text/text.js">
        <metrics statements="10" coveredstatements="8" conditionals="7" coveredconditionals="1" methods="4" coveredmethods="2"/>
        <line num="1" count="1" type="cond" truecount="0" falsecount="1"/>
        <line num="2" count="0" type="stmt"/>
        <line num="5" count="0" type="cond" truecount="0" falsecount="4"/>
        <line num="11" count="1" type="stmt"/>
        <line num="13" count="1" type="stmt"/>
        <line num="17" count="2" type="stmt"/>
        <line num="18" count="2" type="stmt"/>
        <line num="20" count="2" type="stmt"/>
        <line num="23" count="1" type="cond" truecount="0" falsecount="1"/>
        <line num="24" count="2" type="stmt"/>
      </file>
    </package>
  </project>
</coverage>
