{"/Users/medmed/Development/frontend/packages/util-common/src/checker/index.ts": {"path":"/Users/medmed/Development/frontend/packages/util-common/src/checker/index.ts","statementMap":{"0":{"start":{"line":1,"column":23},"end":{"line":5,"column":1}},"1":{"start":{"line":2,"column":13},"end":{"line":2,"column":33}},"2":{"start":{"line":3,"column":2},"end":{"line":3,"column":null}},"3":{"start":{"line":4,"column":2},"end":{"line":4,"column":null}},"4":{"start":{"line":1,"column":13},"end":{"line":1,"column":23}},"5":{"start":{"line":7,"column":27},"end":{"line":8,"column":63}},"6":{"start":{"line":8,"column":2},"end":{"line":8,"column":63}},"7":{"start":{"line":7,"column":13},"end":{"line":7,"column":27}},"8":{"start":{"line":10,"column":22},"end":{"line":10,"column":65}},"9":{"start":{"line":10,"column":51},"end":{"line":10,"column":65}},"10":{"start":{"line":10,"column":13},"end":{"line":10,"column":22}},"11":{"start":{"line":12,"column":26},"end":{"line":13,"column":37}},"12":{"start":{"line":13,"column":2},"end":{"line":13,"column":37}},"13":{"start":{"line":12,"column":13},"end":{"line":12,"column":26}},"14":{"start":{"line":15,"column":25},"end":{"line":16,"column":24}},"15":{"start":{"line":16,"column":2},"end":{"line":16,"column":24}},"16":{"start":{"line":15,"column":13},"end":{"line":15,"column":25}},"17":{"start":{"line":18,"column":23},"end":{"line":19,"column":26}},"18":{"start":{"line":19,"column":2},"end":{"line":19,"column":26}},"19":{"start":{"line":18,"column":13},"end":{"line":18,"column":23}},"20":{"start":{"line":21,"column":24},"end":{"line":22,"column":31}},"21":{"start":{"line":22,"column":2},"end":{"line":22,"column":31}},"22":{"start":{"line":21,"column":13},"end":{"line":21,"column":24}},"23":{"start":{"line":24,"column":23},"end":{"line":26,"column":41}},"24":{"start":{"line":25,"column":2},"end":{"line":26,"column":41}},"25":{"start":{"line":24,"column":13},"end":{"line":24,"column":23}},"26":{"start":{"line":28,"column":24},"end":{"line":29,"column":34}},"27":{"start":{"line":29,"column":2},"end":{"line":29,"column":34}},"28":{"start":{"line":28,"column":13},"end":{"line":28,"column":24}},"29":{"start":{"line":31,"column":25},"end":{"line":31,"column":69}},"30":{"start":{"line":31,"column":40},"end":{"line":31,"column":69}},"31":{"start":{"line":31,"column":13},"end":{"line":31,"column":25}}},"fnMap":{"0":{"name":"(anonymous_0)","decl":{"start":{"line":1,"column":23},"end":{"line":1,"column":24}},"loc":{"start":{"line":1,"column":48},"end":{"line":5,"column":1}}},"1":{"name":"(anonymous_1)","decl":{"start":{"line":7,"column":27},"end":{"line":7,"column":28}},"loc":{"start":{"line":8,"column":2},"end":{"line":8,"column":63}}},"2":{"name":"(anonymous_2)","decl":{"start":{"line":10,"column":22},"end":{"line":10,"column":23}},"loc":{"start":{"line":10,"column":51},"end":{"line":10,"column":65}}},"3":{"name":"(anonymous_3)","decl":{"start":{"line":12,"column":26},"end":{"line":12,"column":27}},"loc":{"start":{"line":13,"column":2},"end":{"line":13,"column":37}}},"4":{"name":"(anonymous_4)","decl":{"start":{"line":15,"column":25},"end":{"line":15,"column":26}},"loc":{"start":{"line":16,"column":2},"end":{"line":16,"column":24}}},"5":{"name":"(anonymous_5)","decl":{"start":{"line":18,"column":23},"end":{"line":18,"column":24}},"loc":{"start":{"line":19,"column":2},"end":{"line":19,"column":26}}},"6":{"name":"(anonymous_6)","decl":{"start":{"line":21,"column":24},"end":{"line":21,"column":25}},"loc":{"start":{"line":22,"column":2},"end":{"line":22,"column":31}}},"7":{"name":"(anonymous_7)","decl":{"start":{"line":24,"column":23},"end":{"line":24,"column":24}},"loc":{"start":{"line":25,"column":2},"end":{"line":26,"column":41}}},"8":{"name":"(anonymous_8)","decl":{"start":{"line":28,"column":24},"end":{"line":28,"column":25}},"loc":{"start":{"line":29,"column":2},"end":{"line":29,"column":34}}},"9":{"name":"(anonymous_9)","decl":{"start":{"line":31,"column":25},"end":{"line":31,"column":37}},"loc":{"start":{"line":31,"column":40},"end":{"line":31,"column":69}}}},"branchMap":{"0":{"loc":{"start":{"line":8,"column":2},"end":{"line":8,"column":63}},"type":"binary-expr","locations":[{"start":{"line":8,"column":2},"end":{"line":8,"column":34}},{"start":{"line":8,"column":38},"end":{"line":8,"column":63}}]},"1":{"loc":{"start":{"line":13,"column":2},"end":{"line":13,"column":37}},"type":"binary-expr","locations":[{"start":{"line":13,"column":2},"end":{"line":13,"column":20}},{"start":{"line":13,"column":24},"end":{"line":13,"column":37}}]},"2":{"loc":{"start":{"line":25,"column":2},"end":{"line":26,"column":41}},"type":"binary-expr","locations":[{"start":{"line":25,"column":2},"end":{"line":25,"column":31}},{"start":{"line":26,"column":2},"end":{"line":26,"column":41}}]},"3":{"loc":{"start":{"line":26,"column":18},"end":{"line":26,"column":33}},"type":"binary-expr","locations":[{"start":{"line":26,"column":18},"end":{"line":26,"column":27}},{"start":{"line":26,"column":31},"end":{"line":26,"column":33}}]}},"s":{"0":2,"1":2,"2":2,"3":2,"4":2,"5":2,"6":2,"7":2,"8":2,"9":1,"10":2,"11":2,"12":0,"13":2,"14":2,"15":0,"16":2,"17":2,"18":1,"19":2,"20":2,"21":0,"22":2,"23":2,"24":6,"25":2,"26":2,"27":2,"28":2,"29":2,"30":0,"31":2},"f":{"0":2,"1":2,"2":1,"3":0,"4":0,"5":1,"6":0,"7":6,"8":2,"9":0},"b":{"0":[2,1],"1":[0,0],"2":[6,4],"3":[4,0]}}
,"/Users/medmed/Development/frontend/packages/util-common/src/date/index.js": {"path":"/Users/medmed/Development/frontend/packages/util-common/src/date/index.js","statementMap":{"0":{"start":{"line":4,"column":23},"end":{"line":10,"column":1}},"1":{"start":{"line":5,"column":12},"end":{"line":5,"column":22}},"2":{"start":{"line":6,"column":2},"end":{"line":6,"column":46}},"3":{"start":{"line":6,"column":13},"end":{"line":6,"column":46}},"4":{"start":{"line":7,"column":2},"end":{"line":7,"column":42}},"5":{"start":{"line":7,"column":12},"end":{"line":7,"column":42}},"6":{"start":{"line":9,"column":2},"end":{"line":9,"column":11}},"7":{"start":{"line":12,"column":33},"end":{"line":28,"column":1}},"8":{"start":{"line":16,"column":21},"end":{"line":19,"column":4}},"9":{"start":{"line":20,"column":20},"end":{"line":20,"column":49}},"10":{"start":{"line":20,"column":27},"end":{"line":20,"column":49}},"11":{"start":{"line":21,"column":15},"end":{"line":21,"column":25}},"12":{"start":{"line":22,"column":21},"end":{"line":23,"column":67}},"13":{"start":{"line":23,"column":4},"end":{"line":23,"column":67}},"14":{"start":{"line":25,"column":2},"end":{"line":27,"column":4}},"15":{"start":{"line":25,"column":40},"end":{"line":25,"column":41}},"16":{"start":{"line":26,"column":4},"end":{"line":26,"column":27}},"17":{"start":{"line":30,"column":28},"end":{"line":33,"column":37}},"18":{"start":{"line":33,"column":11},"end":{"line":33,"column":37}}},"fnMap":{"0":{"name":"(anonymous_0)","decl":{"start":{"line":4,"column":23},"end":{"line":4,"column":24}},"loc":{"start":{"line":4,"column":44},"end":{"line":10,"column":1}},"line":4},"1":{"name":"(anonymous_1)","decl":{"start":{"line":12,"column":33},"end":{"line":12,"column":34}},"loc":{"start":{"line":15,"column":5},"end":{"line":28,"column":1}},"line":15},"2":{"name":"(anonymous_2)","decl":{"start":{"line":20,"column":20},"end":{"line":20,"column":21}},"loc":{"start":{"line":20,"column":27},"end":{"line":20,"column":49}},"line":20},"3":{"name":"(anonymous_3)","decl":{"start":{"line":22,"column":21},"end":{"line":22,"column":22}},"loc":{"start":{"line":23,"column":4},"end":{"line":23,"column":67}},"line":23},"4":{"name":"(anonymous_4)","decl":{"start":{"line":25,"column":30},"end":{"line":25,"column":31}},"loc":{"start":{"line":25,"column":40},"end":{"line":25,"column":41}},"line":25},"5":{"name":"(anonymous_5)","decl":{"start":{"line":25,"column":47},"end":{"line":25,"column":48}},"loc":{"start":{"line":26,"column":4},"end":{"line":26,"column":27}},"line":26},"6":{"name":"(anonymous_6)","decl":{"start":{"line":30,"column":28},"end":{"line":30,"column":29}},"loc":{"start":{"line":33,"column":11},"end":{"line":33,"column":37}},"line":33}},"branchMap":{"0":{"loc":{"start":{"line":6,"column":2},"end":{"line":6,"column":46}},"type":"if","locations":[{"start":{"line":6,"column":2},"end":{"line":6,"column":46}},{"start":{},"end":{}}],"line":6},"1":{"loc":{"start":{"line":7,"column":2},"end":{"line":7,"column":42}},"type":"if","locations":[{"start":{"line":7,"column":2},"end":{"line":7,"column":42}},{"start":{},"end":{}}],"line":7},"2":{"loc":{"start":{"line":13,"column":2},"end":{"line":13,"column":19}},"type":"default-arg","locations":[{"start":{"line":13,"column":15},"end":{"line":13,"column":19}}],"line":13},"3":{"loc":{"start":{"line":14,"column":2},"end":{"line":14,"column":18}},"type":"default-arg","locations":[{"start":{"line":14,"column":12},"end":{"line":14,"column":18}}],"line":14},"4":{"loc":{"start":{"line":30,"column":29},"end":{"line":33,"column":6}},"type":"default-arg","locations":[{"start":{"line":33,"column":4},"end":{"line":33,"column":6}}],"line":30},"5":{"loc":{"start":{"line":31,"column":2},"end":{"line":31,"column":19}},"type":"default-arg","locations":[{"start":{"line":31,"column":9},"end":{"line":31,"column":19}}],"line":31},"6":{"loc":{"start":{"line":32,"column":2},"end":{"line":32,"column":23}},"type":"default-arg","locations":[{"start":{"line":32,"column":11},"end":{"line":32,"column":23}}],"line":32}},"s":{"0":1,"1":0,"2":0,"3":0,"4":0,"5":0,"6":0,"7":1,"8":1,"9":1,"10":7,"11":1,"12":1,"13":7,"14":1,"15":7,"16":7,"17":1,"18":1},"f":{"0":0,"1":1,"2":7,"3":7,"4":7,"5":7,"6":1},"b":{"0":[0,0],"1":[0,0],"2":[0],"3":[1],"4":[0],"5":[0],"6":[1]},"inputSourceMap":null,"_coverageSchema":"1a1c01bbd47fc00a2c39e90264f33305004495a9","hash":"45a7ccaa02a14f3051a3ae32d0fc60b83f76c083"}
,"/Users/medmed/Development/frontend/packages/util-common/src/entities/Maybe.ts": {"path":"/Users/medmed/Development/frontend/packages/util-common/src/entities/Maybe.ts","statementMap":{"0":{"start":{"line":14,"column":13},"end":{"line":20,"column":2}},"1":{"start":{"line":14,"column":38},"end":{"line":20,"column":2}},"2":{"start":{"line":15,"column":40},"end":{"line":15,"column":44}},"3":{"start":{"line":16,"column":30},"end":{"line":16,"column":41}},"4":{"start":{"line":17,"column":54},"end":{"line":17,"column":62}},"5":{"start":{"line":22,"column":16},"end":{"line":28,"column":2}},"6":{"start":{"line":22,"column":37},"end":{"line":28,"column":2}},"7":{"start":{"line":23,"column":40},"end":{"line":23,"column":52}},"8":{"start":{"line":24,"column":30},"end":{"line":24,"column":42}},"9":{"start":{"line":25,"column":49},"end":{"line":25,"column":55}},"10":{"start":{"line":30,"column":21},"end":{"line":34,"column":1}},"11":{"start":{"line":31,"column":2},"end":{"line":31,"column":57}},"12":{"start":{"line":31,"column":37},"end":{"line":31,"column":57}},"13":{"start":{"line":32,"column":21},"end":{"line":32,"column":46}},"14":{"start":{"line":33,"column":2},"end":{"line":33,"column":55}},"15":{"start":{"line":30,"column":13},"end":{"line":30,"column":21}}},"fnMap":{"0":{"name":"(anonymous_0)","decl":{"start":{"line":14,"column":13},"end":{"line":14,"column":17}},"loc":{"start":{"line":14,"column":38},"end":{"line":20,"column":2}}},"1":{"name":"(anonymous_1)","decl":{"start":{"line":15,"column":9},"end":{"line":15,"column":13}},"loc":{"start":{"line":15,"column":40},"end":{"line":15,"column":44}}},"2":{"name":"(anonymous_2)","decl":{"start":{"line":16,"column":7},"end":{"line":16,"column":11}},"loc":{"start":{"line":16,"column":30},"end":{"line":16,"column":41}}},"3":{"name":"(anonymous_3)","decl":{"start":{"line":17,"column":8},"end":{"line":17,"column":15}},"loc":{"start":{"line":17,"column":54},"end":{"line":17,"column":62}}},"4":{"name":"(anonymous_4)","decl":{"start":{"line":22,"column":16},"end":{"line":22,"column":33}},"loc":{"start":{"line":22,"column":37},"end":{"line":28,"column":2}}},"5":{"name":"(anonymous_5)","decl":{"start":{"line":23,"column":9},"end":{"line":23,"column":13}},"loc":{"start":{"line":23,"column":40},"end":{"line":23,"column":52}}},"6":{"name":"(anonymous_6)","decl":{"start":{"line":24,"column":7},"end":{"line":24,"column":11}},"loc":{"start":{"line":24,"column":30},"end":{"line":24,"column":42}}},"7":{"name":"(anonymous_7)","decl":{"start":{"line":25,"column":8},"end":{"line":25,"column":15}},"loc":{"start":{"line":25,"column":49},"end":{"line":25,"column":55}}},"8":{"name":"(anonymous_8)","decl":{"start":{"line":30,"column":21},"end":{"line":30,"column":25}},"loc":{"start":{"line":30,"column":63},"end":{"line":34,"column":1}}}},"branchMap":{"0":{"loc":{"start":{"line":31,"column":2},"end":{"line":31,"column":57}},"type":"if","locations":[{"start":{"line":31,"column":2},"end":{"line":31,"column":57}}]},"1":{"loc":{"start":{"line":31,"column":6},"end":{"line":31,"column":35}},"type":"binary-expr","locations":[{"start":{"line":31,"column":6},"end":{"line":31,"column":16}},{"start":{"line":31,"column":20},"end":{"line":31,"column":35}}]},"2":{"loc":{"start":{"line":33,"column":9},"end":{"line":33,"column":54}},"type":"cond-expr","locations":[{"start":{"line":33,"column":32},"end":{"line":33,"column":44}},{"start":{"line":33,"column":47},"end":{"line":33,"column":54}}]}},"s":{"0":4,"1":26,"2":4,"3":11,"4":10,"5":4,"6":10,"7":1,"8":2,"9":5,"10":4,"11":33,"12":7,"13":26,"14":26,"15":4},"f":{"0":26,"1":4,"2":11,"3":10,"4":10,"5":1,"6":2,"7":5,"8":33},"b":{"0":[7],"1":[33,28],"2":[0,26]}}
,"/Users/medmed/Development/frontend/packages/util-common/src/entities/Obj.ts": {"path":"/Users/medmed/Development/frontend/packages/util-common/src/entities/Obj.ts","statementMap":{"0":{"start":{"line":14,"column":19},"end":{"line":59,"column":2}},"1":{"start":{"line":14,"column":81},"end":{"line":59,"column":2}},"2":{"start":{"line":15,"column":12},"end":{"line":15,"column":23}},"3":{"start":{"line":16,"column":14},"end":{"line":16,"column":20}},"4":{"start":{"line":17,"column":14},"end":{"line":17,"column":17}},"5":{"start":{"line":19,"column":19},"end":{"line":19,"column":29}},"6":{"start":{"line":20,"column":4},"end":{"line":24,"column":7}},"7":{"start":{"line":21,"column":6},"end":{"line":23,"column":7}},"8":{"start":{"line":22,"column":8},"end":{"line":22,"column":27}},"9":{"start":{"line":25,"column":4},"end":{"line":25,"column":28}},"10":{"start":{"line":28,"column":19},"end":{"line":28,"column":29}},"11":{"start":{"line":29,"column":25},"end":{"line":29,"column":60}},"12":{"start":{"line":30,"column":4},"end":{"line":30,"column":52}},"13":{"start":{"line":30,"column":32},"end":{"line":30,"column":50}},"14":{"start":{"line":31,"column":4},"end":{"line":31,"column":28}},"15":{"start":{"line":34,"column":19},"end":{"line":34,"column":29}},"16":{"start":{"line":35,"column":4},"end":{"line":39,"column":7}},"17":{"start":{"line":36,"column":6},"end":{"line":38,"column":7}},"18":{"start":{"line":37,"column":8},"end":{"line":37,"column":32}},"19":{"start":{"line":40,"column":4},"end":{"line":40,"column":28}},"20":{"start":{"line":43,"column":4},"end":{"line":45,"column":null}},"21":{"start":{"line":44,"column":30},"end":{"line":44,"column":54}},"22":{"start":{"line":47,"column":14},"end":{"line":47,"column":45}},"23":{"start":{"line":49,"column":19},"end":{"line":54,"column":37}},"24":{"start":{"line":50,"column":6},"end":{"line":52,"column":7}},"25":{"start":{"line":51,"column":8},"end":{"line":51,"column":23}},"26":{"start":{"line":53,"column":6},"end":{"line":53,"column":17}},"27":{"start":{"line":55,"column":4},"end":{"line":55,"column":28}},"28":{"start":{"line":57,"column":24},"end":{"line":57,"column":58}},"29":{"start":{"line":58,"column":21},"end":{"line":58,"column":55}},"30":{"start":{"line":14,"column":13},"end":{"line":14,"column":19}}},"fnMap":{"0":{"name":"(anonymous_0)","decl":{"start":{"line":14,"column":19},"end":{"line":14,"column":55}},"loc":{"start":{"line":14,"column":81},"end":{"line":59,"column":2}}},"1":{"name":"(anonymous_1)","decl":{"start":{"line":15,"column":7},"end":{"line":15,"column":8}},"loc":{"start":{"line":15,"column":12},"end":{"line":15,"column":23}}},"2":{"name":"(anonymous_2)","decl":{"start":{"line":16,"column":9},"end":{"line":16,"column":10}},"loc":{"start":{"line":16,"column":14},"end":{"line":16,"column":20}}},"3":{"name":"(anonymous_3)","decl":{"start":{"line":17,"column":8},"end":{"line":17,"column":11}},"loc":{"start":{"line":17,"column":14},"end":{"line":17,"column":17}}},"4":{"name":"(anonymous_4)","decl":{"start":{"line":18,"column":14},"end":{"line":18,"column":17}},"loc":{"start":{"line":18,"column":19},"end":{"line":26,"column":3}}},"5":{"name":"(anonymous_5)","decl":{"start":{"line":20,"column":35},"end":{"line":20,"column":36}},"loc":{"start":{"line":20,"column":52},"end":{"line":24,"column":5}}},"6":{"name":"(anonymous_6)","decl":{"start":{"line":27,"column":18},"end":{"line":27,"column":22}},"loc":{"start":{"line":27,"column":25},"end":{"line":32,"column":3}}},"7":{"name":"(anonymous_7)","decl":{"start":{"line":30,"column":25},"end":{"line":30,"column":28}},"loc":{"start":{"line":30,"column":32},"end":{"line":30,"column":50}}},"8":{"name":"(anonymous_8)","decl":{"start":{"line":33,"column":10},"end":{"line":33,"column":19}},"loc":{"start":{"line":33,"column":22},"end":{"line":41,"column":3}}},"9":{"name":"(anonymous_9)","decl":{"start":{"line":35,"column":35},"end":{"line":35,"column":40}},"loc":{"start":{"line":35,"column":43},"end":{"line":39,"column":5}}},"10":{"name":"(anonymous_10)","decl":{"start":{"line":42,"column":16},"end":{"line":42,"column":19}},"loc":{"start":{"line":43,"column":4},"end":{"line":45,"column":null}}},"11":{"name":"(anonymous_11)","decl":{"start":{"line":44,"column":6},"end":{"line":44,"column":7}},"loc":{"start":{"line":44,"column":30},"end":{"line":44,"column":54}}},"12":{"name":"(anonymous_12)","decl":{"start":{"line":47,"column":8},"end":{"line":47,"column":11}},"loc":{"start":{"line":47,"column":14},"end":{"line":47,"column":45}}},"13":{"name":"(anonymous_13)","decl":{"start":{"line":48,"column":27},"end":{"line":48,"column":32}},"loc":{"start":{"line":48,"column":35},"end":{"line":56,"column":3}}},"14":{"name":"(anonymous_14)","decl":{"start":{"line":49,"column":46},"end":{"line":49,"column":47}},"loc":{"start":{"line":49,"column":66},"end":{"line":54,"column":5}}},"15":{"name":"(anonymous_15)","decl":{"start":{"line":57,"column":11},"end":{"line":57,"column":20}},"loc":{"start":{"line":57,"column":24},"end":{"line":57,"column":58}}},"16":{"name":"(anonymous_16)","decl":{"start":{"line":58,"column":12},"end":{"line":58,"column":17}},"loc":{"start":{"line":58,"column":21},"end":{"line":58,"column":55}}}},"branchMap":{"0":{"loc":{"start":{"line":21,"column":6},"end":{"line":23,"column":7}},"type":"if","locations":[{"start":{"line":21,"column":6},"end":{"line":23,"column":7}}]},"1":{"loc":{"start":{"line":29,"column":25},"end":{"line":29,"column":60}},"type":"cond-expr","locations":[{"start":{"line":29,"column":47},"end":{"line":29,"column":51}},{"start":{"line":29,"column":54},"end":{"line":29,"column":60}}]},"2":{"loc":{"start":{"line":36,"column":6},"end":{"line":38,"column":7}},"type":"if","locations":[{"start":{"line":36,"column":6},"end":{"line":38,"column":7}}]},"3":{"loc":{"start":{"line":50,"column":6},"end":{"line":52,"column":7}},"type":"if","locations":[{"start":{"line":50,"column":6},"end":{"line":52,"column":7}}]}},"s":{"0":4,"1":26,"2":2,"3":0,"4":10,"5":2,"6":2,"7":3,"8":1,"9":2,"10":4,"11":4,"12":4,"13":5,"14":4,"15":3,"16":3,"17":8,"18":4,"19":3,"20":0,"21":0,"22":0,"23":1,"24":2,"25":1,"26":2,"27":1,"28":4,"29":0,"30":4},"f":{"0":26,"1":2,"2":0,"3":10,"4":2,"5":3,"6":4,"7":5,"8":3,"9":8,"10":0,"11":0,"12":0,"13":1,"14":2,"15":4,"16":0},"b":{"0":[1],"1":[1,3],"2":[4],"3":[1]}}
,"/Users/medmed/Development/frontend/packages/util-common/src/entities/index.ts": {"path":"/Users/medmed/Development/frontend/packages/util-common/src/entities/index.ts","statementMap":{"0":{"start":{"line":19,"column":0},"end":{"line":19,"column":16}},"1":{"start":{"line":27,"column":0},"end":{"line":27,"column":16}},"2":{"start":{"line":35,"column":0},"end":{"line":35,"column":16}},"3":{"start":{"line":43,"column":0},"end":{"line":43,"column":16}},"4":{"start":{"line":2,"column":0},"end":{"line":2,"column":9}},"5":{"start":{"line":2,"column":9},"end":{"line":2,"column":28}},"6":{"start":{"line":3,"column":0},"end":{"line":3,"column":9}},"7":{"start":{"line":3,"column":9},"end":{"line":3,"column":32}},"8":{"start":{"line":20,"column":2},"end":{"line":24,"column":4}},"9":{"start":{"line":21,"column":14},"end":{"line":21,"column":25}},"10":{"start":{"line":22,"column":16},"end":{"line":22,"column":20}},"11":{"start":{"line":23,"column":25},"end":{"line":23,"column":26}},"12":{"start":{"line":23,"column":31},"end":{"line":23,"column":35}},"13":{"start":{"line":28,"column":2},"end":{"line":32,"column":4}},"14":{"start":{"line":29,"column":17},"end":{"line":29,"column":24}},"15":{"start":{"line":30,"column":15},"end":{"line":30,"column":22}},"16":{"start":{"line":31,"column":23},"end":{"line":31,"column":24}},"17":{"start":{"line":31,"column":30},"end":{"line":31,"column":34}},"18":{"start":{"line":36,"column":2},"end":{"line":40,"column":3}},"19":{"start":{"line":37,"column":4},"end":{"line":37,"column":22}},"20":{"start":{"line":39,"column":4},"end":{"line":39,"column":25}},"21":{"start":{"line":39,"column":22},"end":{"line":39,"column":23}},"22":{"start":{"line":44,"column":2},"end":{"line":44,"column":56}}},"fnMap":{"0":{"name":"(anonymous_0)","decl":{"start":{"line":2,"column":9},"end":{"line":2,"column":12}},"loc":{"start":{"line":2,"column":9},"end":{"line":2,"column":28}}},"1":{"name":"(anonymous_1)","decl":{"start":{"line":3,"column":9},"end":{"line":3,"column":14}},"loc":{"start":{"line":3,"column":9},"end":{"line":3,"column":32}}},"2":{"name":"Right","decl":{"start":{"line":19,"column":16},"end":{"line":19,"column":21}},"loc":{"start":{"line":19,"column":30},"end":{"line":25,"column":1}}},"3":{"name":"(anonymous_3)","decl":{"start":{"line":21,"column":9},"end":{"line":21,"column":10}},"loc":{"start":{"line":21,"column":14},"end":{"line":21,"column":25}}},"4":{"name":"(anonymous_4)","decl":{"start":{"line":22,"column":11},"end":{"line":22,"column":12}},"loc":{"start":{"line":22,"column":16},"end":{"line":22,"column":20}}},"5":{"name":"(anonymous_5)","decl":{"start":{"line":23,"column":10},"end":{"line":23,"column":11}},"loc":{"start":{"line":23,"column":31},"end":{"line":23,"column":35}}},"6":{"name":"(anonymous_6)","decl":{"start":{"line":23,"column":18},"end":{"line":23,"column":19}},"loc":{"start":{"line":23,"column":25},"end":{"line":23,"column":26}}},"7":{"name":"Left","decl":{"start":{"line":27,"column":16},"end":{"line":27,"column":20}},"loc":{"start":{"line":27,"column":29},"end":{"line":33,"column":1}}},"8":{"name":"(anonymous_8)","decl":{"start":{"line":29,"column":11},"end":{"line":29,"column":14}},"loc":{"start":{"line":29,"column":17},"end":{"line":29,"column":24}}},"9":{"name":"(anonymous_9)","decl":{"start":{"line":30,"column":9},"end":{"line":30,"column":12}},"loc":{"start":{"line":30,"column":15},"end":{"line":30,"column":22}}},"10":{"name":"(anonymous_10)","decl":{"start":{"line":31,"column":10},"end":{"line":31,"column":11}},"loc":{"start":{"line":31,"column":30},"end":{"line":31,"column":34}}},"11":{"name":"(anonymous_11)","decl":{"start":{"line":31,"column":16},"end":{"line":31,"column":17}},"loc":{"start":{"line":31,"column":23},"end":{"line":31,"column":24}}},"12":{"name":"Try","decl":{"start":{"line":35,"column":16},"end":{"line":35,"column":19}},"loc":{"start":{"line":35,"column":25},"end":{"line":41,"column":1}}},"13":{"name":"(anonymous_13)","decl":{"start":{"line":39,"column":16},"end":{"line":39,"column":19}},"loc":{"start":{"line":39,"column":22},"end":{"line":39,"column":23}}},"14":{"name":"If","decl":{"start":{"line":43,"column":16},"end":{"line":43,"column":18}},"loc":{"start":{"line":43,"column":42},"end":{"line":45,"column":1}}}},"branchMap":{"0":{"loc":{"start":{"line":23,"column":14},"end":{"line":23,"column":26}},"type":"default-arg","locations":[{"start":{"line":23,"column":18},"end":{"line":23,"column":26}}]},"1":{"loc":{"start":{"line":31,"column":11},"end":{"line":31,"column":25}},"type":"default-arg","locations":[{"start":{"line":31,"column":16},"end":{"line":31,"column":24}}]},"2":{"loc":{"start":{"line":44,"column":9},"end":{"line":44,"column":55}},"type":"cond-expr","locations":[{"start":{"line":44,"column":21},"end":{"line":44,"column":37}},{"start":{"line":44,"column":40},"end":{"line":44,"column":55}}]}},"s":{"0":3,"1":3,"2":3,"3":3,"4":3,"5":4,"6":3,"7":6,"8":2,"9":1,"10":0,"11":0,"12":1,"13":0,"14":0,"15":0,"16":0,"17":0,"18":0,"19":0,"20":0,"21":0,"22":1},"f":{"0":1,"1":3,"2":2,"3":1,"4":0,"5":1,"6":0,"7":0,"8":0,"9":0,"10":0,"11":0,"12":0,"13":0,"14":1},"b":{"0":[0],"1":[0],"2":[1,0]}}
,"/Users/medmed/Development/frontend/packages/util-common/src/formatter/phoneNumbers.ts": {"path":"/Users/medmed/Development/frontend/packages/util-common/src/formatter/phoneNumbers.ts","statementMap":{"0":{"start":{"line":2,"column":33},"end":{"line":4,"column":1}},"1":{"start":{"line":3,"column":2},"end":{"line":3,"column":51}},"2":{"start":{"line":2,"column":13},"end":{"line":2,"column":33}},"3":{"start":{"line":6,"column":38},"end":{"line":11,"column":1}},"4":{"start":{"line":7,"column":2},"end":{"line":10,"column":4}},"5":{"start":{"line":6,"column":13},"end":{"line":6,"column":38}},"6":{"start":{"line":13,"column":42},"end":{"line":16,"column":23}},"7":{"start":{"line":14,"column":2},"end":{"line":16,"column":23}},"8":{"start":{"line":13,"column":13},"end":{"line":13,"column":42}},"9":{"start":{"line":18,"column":52},"end":{"line":28,"column":1}},"10":{"start":{"line":22,"column":25},"end":{"line":23,"column":null}},"11":{"start":{"line":25,"column":2},"end":{"line":27,"column":21}},"12":{"start":{"line":18,"column":14},"end":{"line":18,"column":52}}},"fnMap":{"0":{"name":"(anonymous_0)","decl":{"start":{"line":2,"column":33},"end":{"line":2,"column":34}},"loc":{"start":{"line":2,"column":66},"end":{"line":4,"column":1}}},"1":{"name":"(anonymous_1)","decl":{"start":{"line":6,"column":38},"end":{"line":6,"column":39}},"loc":{"start":{"line":6,"column":62},"end":{"line":11,"column":1}}},"2":{"name":"(anonymous_2)","decl":{"start":{"line":13,"column":42},"end":{"line":13,"column":43}},"loc":{"start":{"line":14,"column":2},"end":{"line":16,"column":23}}},"3":{"name":"(anonymous_3)","decl":{"start":{"line":18,"column":52},"end":{"line":18,"column":null}},"loc":{"start":{"line":21,"column":4},"end":{"line":28,"column":1}}}},"branchMap":{"0":{"loc":{"start":{"line":14,"column":2},"end":{"line":16,"column":23}},"type":"cond-expr","locations":[{"start":{"line":15,"column":6},"end":{"line":15,"column":36}},{"start":{"line":16,"column":6},"end":{"line":16,"column":23}}]},"1":{"loc":{"start":{"line":20,"column":2},"end":{"line":20,"column":26}},"type":"default-arg","locations":[{"start":{"line":20,"column":24},"end":{"line":20,"column":26}}]},"2":{"loc":{"start":{"line":25,"column":9},"end":{"line":27,"column":20}},"type":"cond-expr","locations":[{"start":{"line":26,"column":6},"end":{"line":26,"column":54}},{"start":{"line":27,"column":6},"end":{"line":27,"column":20}}]}},"s":{"0":1,"1":4,"2":1,"3":1,"4":2,"5":1,"6":1,"7":3,"8":1,"9":1,"10":2,"11":2,"12":1},"f":{"0":4,"1":2,"2":3,"3":2},"b":{"0":[2,1],"1":[2],"2":[2,0]}}
,"/Users/medmed/Development/frontend/packages/util-common/src/next/index.js": {"path":"/Users/medmed/Development/frontend/packages/util-common/src/next/index.js","statementMap":{"0":{"start":{"line":2,"column":2},"end":{"line":32,"column":3}},"1":{"start":{"line":3,"column":2},"end":{"line":32,"column":3}},"2":{"start":{"line":4,"column":20},"end":{"line":4,"column":22}},"3":{"start":{"line":6,"column":28},"end":{"line":6,"column":41}},"4":{"start":{"line":7,"column":19},"end":{"line":27,"column":5}},"5":{"start":{"line":8,"column":6},"end":{"line":9,"column":56}},"6":{"start":{"line":9,"column":8},"end":{"line":9,"column":56}},"7":{"start":{"line":11,"column":6},"end":{"line":11,"column":24}},"8":{"start":{"line":13,"column":6},"end":{"line":26,"column":7}},"9":{"start":{"line":14,"column":21},"end":{"line":23,"column":9}},"10":{"start":{"line":15,"column":10},"end":{"line":15,"column":64}},"11":{"start":{"line":16,"column":10},"end":{"line":16,"column":46}},"12":{"start":{"line":17,"column":10},"end":{"line":20,"column":12}},"13":{"start":{"line":22,"column":10},"end":{"line":22,"column":33}},"14":{"start":{"line":25,"column":8},"end":{"line":25,"column":67}},"15":{"start":{"line":29,"column":4},"end":{"line":29,"column":20}},"16":{"start":{"line":31,"column":4},"end":{"line":31,"column":27}},"17":{"start":{"line":35,"column":2},"end":{"line":53,"column":3}},"18":{"start":{"line":36,"column":2},"end":{"line":53,"column":3}},"19":{"start":{"line":37,"column":28},"end":{"line":37,"column":41}},"20":{"start":{"line":38,"column":21},"end":{"line":50,"column":5}},"21":{"start":{"line":39,"column":6},"end":{"line":49,"column":7}},"22":{"start":{"line":41,"column":10},"end":{"line":45,"column":14}},"23":{"start":{"line":42,"column":12},"end":{"line":45,"column":14}},"24":{"start":{"line":51,"column":4},"end":{"line":51,"column":32}},"25":{"start":{"line":52,"column":4},"end":{"line":52,"column":27}}},"fnMap":{"0":{"name":"(anonymous_0)","decl":{"start":{"line":2,"column":2},"end":{"line":2,"column":3}},"loc":{"start":{"line":3,"column":2},"end":{"line":32,"column":3}},"line":3},"1":{"name":"(anonymous_1)","decl":{"start":{"line":3,"column":2},"end":{"line":3,"column":3}},"loc":{"start":{"line":3,"column":22},"end":{"line":32,"column":3}},"line":3},"2":{"name":"(anonymous_2)","decl":{"start":{"line":7,"column":19},"end":{"line":7,"column":20}},"loc":{"start":{"line":7,"column":34},"end":{"line":27,"column":5}},"line":7},"3":{"name":"(anonymous_3)","decl":{"start":{"line":14,"column":21},"end":{"line":14,"column":22}},"loc":{"start":{"line":14,"column":64},"end":{"line":23,"column":9}},"line":14},"4":{"name":"(anonymous_4)","decl":{"start":{"line":35,"column":2},"end":{"line":35,"column":3}},"loc":{"start":{"line":36,"column":2},"end":{"line":53,"column":3}},"line":36},"5":{"name":"(anonymous_5)","decl":{"start":{"line":36,"column":2},"end":{"line":36,"column":3}},"loc":{"start":{"line":36,"column":15},"end":{"line":53,"column":3}},"line":36},"6":{"name":"(anonymous_6)","decl":{"start":{"line":38,"column":37},"end":{"line":38,"column":38}},"loc":{"start":{"line":39,"column":6},"end":{"line":49,"column":7}},"line":39},"7":{"name":"(anonymous_7)","decl":{"start":{"line":40,"column":8},"end":{"line":40,"column":9}},"loc":{"start":{"line":40,"column":16},"end":{"line":46,"column":9}},"line":40}},"branchMap":{"0":{"loc":{"start":{"line":3,"column":9},"end":{"line":3,"column":17}},"type":"default-arg","locations":[{"start":{"line":3,"column":15},"end":{"line":3,"column":17}}],"line":3},"1":{"loc":{"start":{"line":8,"column":6},"end":{"line":9,"column":56}},"type":"if","locations":[{"start":{"line":8,"column":6},"end":{"line":9,"column":56}},{"start":{},"end":{}}],"line":8},"2":{"loc":{"start":{"line":13,"column":6},"end":{"line":26,"column":7}},"type":"if","locations":[{"start":{"line":13,"column":6},"end":{"line":26,"column":7}},{"start":{},"end":{}}],"line":13},"3":{"loc":{"start":{"line":14,"column":22},"end":{"line":14,"column":59}},"type":"default-arg","locations":[{"start":{"line":14,"column":57},"end":{"line":14,"column":59}}],"line":14},"4":{"loc":{"start":{"line":41,"column":10},"end":{"line":45,"column":14}},"type":"if","locations":[{"start":{"line":41,"column":10},"end":{"line":45,"column":14}},{"start":{},"end":{}}],"line":41}},"s":{"0":1,"1":2,"2":2,"3":2,"4":2,"5":6,"6":0,"7":6,"8":6,"9":5,"10":4,"11":4,"12":4,"13":4,"14":5,"15":2,"16":2,"17":1,"18":2,"19":2,"20":2,"21":5,"22":4,"23":4,"24":2,"25":2},"f":{"0":2,"1":2,"2":6,"3":4,"4":2,"5":2,"6":5,"7":4},"b":{"0":[1],"1":[0,6],"2":[5,1],"3":[0],"4":[4,0]},"inputSourceMap":null,"_coverageSchema":"1a1c01bbd47fc00a2c39e90264f33305004495a9","hash":"281a2a1f0f84c8e840dc2655af4784a6d35d8da0"}
,"/Users/medmed/Development/frontend/packages/util-common/src/storage/index.ts": {"path":"/Users/medmed/Development/frontend/packages/util-common/src/storage/index.ts","statementMap":{"0":{"start":{"line":190,"column":0},"end":{"line":190,"column":16}},"1":{"start":{"line":1,"column":0},"end":{"line":1,"column":34}},"2":{"start":{"line":2,"column":0},"end":{"line":2,"column":39}},"3":{"start":{"line":42,"column":13},"end":{"line":82,"column":null}},"4":{"start":{"line":43,"column":21},"end":{"line":43,"column":77}},"5":{"start":{"line":45,"column":4},"end":{"line":51,"column":null}},"6":{"start":{"line":46,"column":6},"end":{"line":46,"column":null}},"7":{"start":{"line":47,"column":6},"end":{"line":47,"column":null}},"8":{"start":{"line":49,"column":6},"end":{"line":49,"column":null}},"9":{"start":{"line":50,"column":6},"end":{"line":50,"column":null}},"10":{"start":{"line":54,"column":4},"end":{"line":57,"column":null}},"11":{"start":{"line":54,"column":21},"end":{"line":54,"column":71}},"12":{"start":{"line":56,"column":6},"end":{"line":56,"column":53}},"13":{"start":{"line":60,"column":4},"end":{"line":66,"column":null}},"14":{"start":{"line":61,"column":6},"end":{"line":61,"column":null}},"15":{"start":{"line":62,"column":6},"end":{"line":62,"column":null}},"16":{"start":{"line":64,"column":6},"end":{"line":64,"column":null}},"17":{"start":{"line":65,"column":6},"end":{"line":65,"column":null}},"18":{"start":{"line":68,"column":15},"end":{"line":74,"column":23}},"19":{"start":{"line":69,"column":6},"end":{"line":69,"column":null}},"20":{"start":{"line":70,"column":6},"end":{"line":70,"column":null}},"21":{"start":{"line":72,"column":6},"end":{"line":72,"column":null}},"22":{"start":{"line":73,"column":6},"end":{"line":73,"column":null}},"23":{"start":{"line":76,"column":4},"end":{"line":80,"column":null}},"24":{"start":{"line":76,"column":21},"end":{"line":76,"column":58}},"25":{"start":{"line":78,"column":6},"end":{"line":78,"column":null}},"26":{"start":{"line":79,"column":6},"end":{"line":79,"column":null}},"27":{"start":{"line":118,"column":13},"end":{"line":154,"column":null}},"28":{"start":{"line":119,"column":21},"end":{"line":119,"column":79}},"29":{"start":{"line":121,"column":4},"end":{"line":127,"column":null}},"30":{"start":{"line":122,"column":6},"end":{"line":122,"column":null}},"31":{"start":{"line":123,"column":6},"end":{"line":123,"column":18}},"32":{"start":{"line":125,"column":6},"end":{"line":125,"column":null}},"33":{"start":{"line":126,"column":6},"end":{"line":126,"column":18}},"34":{"start":{"line":130,"column":4},"end":{"line":134,"column":null}},"35":{"start":{"line":130,"column":21},"end":{"line":130,"column":73}},"36":{"start":{"line":132,"column":8},"end":{"line":132,"column":null}},"37":{"start":{"line":137,"column":4},"end":{"line":143,"column":null}},"38":{"start":{"line":138,"column":6},"end":{"line":138,"column":null}},"39":{"start":{"line":139,"column":6},"end":{"line":139,"column":18}},"40":{"start":{"line":141,"column":6},"end":{"line":141,"column":null}},"41":{"start":{"line":142,"column":6},"end":{"line":142,"column":18}},"42":{"start":{"line":146,"column":4},"end":{"line":152,"column":null}},"43":{"start":{"line":147,"column":6},"end":{"line":147,"column":null}},"44":{"start":{"line":148,"column":6},"end":{"line":148,"column":18}},"45":{"start":{"line":150,"column":6},"end":{"line":150,"column":null}},"46":{"start":{"line":151,"column":6},"end":{"line":151,"column":18}},"47":{"start":{"line":160,"column":0},"end":{"line":160,"column":null}},"48":{"start":{"line":161,"column":2},"end":{"line":161,"column":null}},"49":{"start":{"line":162,"column":2},"end":{"line":162,"column":null}},"50":{"start":{"line":191,"column":18},"end":{"line":191,"column":62}},"51":{"start":{"line":192,"column":2},"end":{"line":212,"column":null}},"52":{"start":{"line":193,"column":14},"end":{"line":193,"column":32}},"53":{"start":{"line":194,"column":4},"end":{"line":194,"column":26}},"54":{"start":{"line":195,"column":4},"end":{"line":195,"column":26}},"55":{"start":{"line":196,"column":4},"end":{"line":196,"column":null}},"56":{"start":{"line":199,"column":6},"end":{"line":211,"column":26}}},"fnMap":{"0":{"name":"(anonymous_0)","decl":{"start":{"line":43,"column":15},"end":{"line":43,"column":18}},"loc":{"start":{"line":43,"column":21},"end":{"line":43,"column":77}}},"1":{"name":"(anonymous_1)","decl":{"start":{"line":44,"column":2},"end":{"line":44,"column":5}},"loc":{"start":{"line":44,"column":16},"end":{"line":52,"column":3}}},"2":{"name":"(anonymous_2)","decl":{"start":{"line":45,"column":15},"end":{"line":45,"column":18}},"loc":{"start":{"line":45,"column":20},"end":{"line":48,"column":5}}},"3":{"name":"(anonymous_3)","decl":{"start":{"line":48,"column":12},"end":{"line":48,"column":13}},"loc":{"start":{"line":48,"column":18},"end":{"line":51,"column":5}}},"4":{"name":"(anonymous_4)","decl":{"start":{"line":53,"column":2},"end":{"line":53,"column":5}},"loc":{"start":{"line":53,"column":9},"end":{"line":58,"column":3}}},"5":{"name":"(anonymous_5)","decl":{"start":{"line":54,"column":15},"end":{"line":54,"column":18}},"loc":{"start":{"line":54,"column":21},"end":{"line":54,"column":71}}},"6":{"name":"(anonymous_6)","decl":{"start":{"line":55,"column":12},"end":{"line":55,"column":13}},"loc":{"start":{"line":55,"column":18},"end":{"line":57,"column":5}}},"7":{"name":"(anonymous_7)","decl":{"start":{"line":59,"column":2},"end":{"line":59,"column":8}},"loc":{"start":{"line":59,"column":12},"end":{"line":67,"column":3}}},"8":{"name":"(anonymous_8)","decl":{"start":{"line":60,"column":15},"end":{"line":60,"column":18}},"loc":{"start":{"line":60,"column":20},"end":{"line":63,"column":5}}},"9":{"name":"(anonymous_9)","decl":{"start":{"line":63,"column":12},"end":{"line":63,"column":13}},"loc":{"start":{"line":63,"column":18},"end":{"line":66,"column":5}}},"10":{"name":"(anonymous_10)","decl":{"start":{"line":68,"column":9},"end":{"line":68,"column":12}},"loc":{"start":{"line":68,"column":15},"end":{"line":74,"column":23}}},"11":{"name":"(anonymous_11)","decl":{"start":{"line":68,"column":19},"end":{"line":68,"column":22}},"loc":{"start":{"line":68,"column":24},"end":{"line":71,"column":5}}},"12":{"name":"(anonymous_12)","decl":{"start":{"line":71,"column":12},"end":{"line":71,"column":13}},"loc":{"start":{"line":71,"column":18},"end":{"line":74,"column":5}}},"13":{"name":"(anonymous_13)","decl":{"start":{"line":75,"column":7},"end":{"line":75,"column":10}},"loc":{"start":{"line":75,"column":12},"end":{"line":81,"column":3}}},"14":{"name":"(anonymous_14)","decl":{"start":{"line":76,"column":15},"end":{"line":76,"column":18}},"loc":{"start":{"line":76,"column":21},"end":{"line":76,"column":58}}},"15":{"name":"(anonymous_15)","decl":{"start":{"line":77,"column":12},"end":{"line":77,"column":13}},"loc":{"start":{"line":77,"column":18},"end":{"line":80,"column":5}}},"16":{"name":"(anonymous_16)","decl":{"start":{"line":119,"column":15},"end":{"line":119,"column":18}},"loc":{"start":{"line":119,"column":21},"end":{"line":119,"column":79}}},"17":{"name":"(anonymous_17)","decl":{"start":{"line":120,"column":2},"end":{"line":120,"column":5}},"loc":{"start":{"line":120,"column":16},"end":{"line":128,"column":3}}},"18":{"name":"(anonymous_18)","decl":{"start":{"line":121,"column":15},"end":{"line":121,"column":18}},"loc":{"start":{"line":121,"column":20},"end":{"line":124,"column":5}}},"19":{"name":"(anonymous_19)","decl":{"start":{"line":124,"column":12},"end":{"line":124,"column":13}},"loc":{"start":{"line":124,"column":18},"end":{"line":127,"column":5}}},"20":{"name":"(anonymous_20)","decl":{"start":{"line":129,"column":2},"end":{"line":129,"column":5}},"loc":{"start":{"line":129,"column":17},"end":{"line":135,"column":3}}},"21":{"name":"(anonymous_21)","decl":{"start":{"line":130,"column":15},"end":{"line":130,"column":18}},"loc":{"start":{"line":130,"column":21},"end":{"line":130,"column":73}}},"22":{"name":"(anonymous_22)","decl":{"start":{"line":131,"column":6},"end":{"line":131,"column":7}},"loc":{"start":{"line":131,"column":12},"end":{"line":133,"column":7}}},"23":{"name":"(anonymous_23)","decl":{"start":{"line":136,"column":2},"end":{"line":136,"column":8}},"loc":{"start":{"line":136,"column":20},"end":{"line":144,"column":3}}},"24":{"name":"(anonymous_24)","decl":{"start":{"line":137,"column":15},"end":{"line":137,"column":18}},"loc":{"start":{"line":137,"column":20},"end":{"line":140,"column":5}}},"25":{"name":"(anonymous_25)","decl":{"start":{"line":140,"column":12},"end":{"line":140,"column":13}},"loc":{"start":{"line":140,"column":18},"end":{"line":143,"column":5}}},"26":{"name":"(anonymous_26)","decl":{"start":{"line":145,"column":2},"end":{"line":145,"column":7}},"loc":{"start":{"line":145,"column":7},"end":{"line":153,"column":3}}},"27":{"name":"(anonymous_27)","decl":{"start":{"line":146,"column":15},"end":{"line":146,"column":18}},"loc":{"start":{"line":146,"column":20},"end":{"line":149,"column":5}}},"28":{"name":"(anonymous_28)","decl":{"start":{"line":149,"column":12},"end":{"line":149,"column":13}},"loc":{"start":{"line":149,"column":18},"end":{"line":152,"column":5}}},"29":{"name":"(anonymous_29)","decl":{"start":{"line":160,"column":0},"end":{"line":160,"column":12}},"loc":{"start":{"line":160,"column":19},"end":{"line":163,"column":1}}},"30":{"name":"hasStorageAvailable","decl":{"start":{"line":190,"column":16},"end":{"line":190,"column":35}},"loc":{"start":{"line":190,"column":49},"end":{"line":213,"column":1}}},"31":{"name":"(anonymous_31)","decl":{"start":{"line":192,"column":13},"end":{"line":192,"column":16}},"loc":{"start":{"line":192,"column":18},"end":{"line":197,"column":3}}},"32":{"name":"(anonymous_32)","decl":{"start":{"line":198,"column":4},"end":{"line":198,"column":5}},"loc":{"start":{"line":199,"column":6},"end":{"line":211,"column":26}}}},"branchMap":{"0":{"loc":{"start":{"line":43,"column":21},"end":{"line":43,"column":77}},"type":"binary-expr","locations":[{"start":{"line":43,"column":21},"end":{"line":43,"column":32}},{"start":{"line":43,"column":36},"end":{"line":43,"column":77}}]},"1":{"loc":{"start":{"line":54,"column":32},"end":{"line":54,"column":70}},"type":"binary-expr","locations":[{"start":{"line":54,"column":32},"end":{"line":54,"column":64}},{"start":{"line":54,"column":68},"end":{"line":54,"column":70}}]},"2":{"loc":{"start":{"line":119,"column":21},"end":{"line":119,"column":79}},"type":"binary-expr","locations":[{"start":{"line":119,"column":21},"end":{"line":119,"column":32}},{"start":{"line":119,"column":36},"end":{"line":119,"column":79}}]},"3":{"loc":{"start":{"line":130,"column":32},"end":{"line":130,"column":72}},"type":"binary-expr","locations":[{"start":{"line":130,"column":32},"end":{"line":130,"column":66}},{"start":{"line":130,"column":70},"end":{"line":130,"column":72}}]},"4":{"loc":{"start":{"line":160,"column":12},"end":{"line":160,"column":null}},"type":"binary-expr","locations":[{"start":{"line":160,"column":12},"end":{"line":160,"column":19}},{"start":{"line":160,"column":19},"end":{"line":160,"column":null}}]},"5":{"loc":{"start":{"line":199,"column":6},"end":{"line":211,"column":26}},"type":"binary-expr","locations":[{"start":{"line":199,"column":6},"end":{"line":199,"column":31}},{"start":{"line":201,"column":7},"end":{"line":201,"column":20}},{"start":{"line":203,"column":8},"end":{"line":203,"column":23}},{"start":{"line":206,"column":8},"end":{"line":206,"column":39}},{"start":{"line":208,"column":8},"end":{"line":208,"column":47}},{"start":{"line":210,"column":6},"end":{"line":210,"column":15}},{"start":{"line":211,"column":6},"end":{"line":211,"column":26}}]}},"s":{"0":1,"1":1,"2":1,"3":1,"4":0,"5":0,"6":0,"7":0,"8":0,"9":0,"10":0,"11":0,"12":0,"13":0,"14":0,"15":0,"16":0,"17":0,"18":0,"19":0,"20":0,"21":0,"22":0,"23":0,"24":0,"25":0,"26":0,"27":1,"28":0,"29":0,"30":0,"31":0,"32":0,"33":0,"34":0,"35":0,"36":0,"37":0,"38":0,"39":0,"40":0,"41":0,"42":0,"43":0,"44":0,"45":0,"46":0,"47":1,"48":1,"49":1,"50":0,"51":0,"52":0,"53":0,"54":0,"55":0,"56":0},"f":{"0":0,"1":0,"2":0,"3":0,"4":0,"5":0,"6":0,"7":0,"8":0,"9":0,"10":0,"11":0,"12":0,"13":0,"14":0,"15":0,"16":0,"17":0,"18":0,"19":0,"20":0,"21":0,"22":0,"23":0,"24":0,"25":0,"26":0,"27":0,"28":0,"29":1,"30":0,"31":0,"32":0},"b":{"0":[0,0],"1":[0,0],"2":[0,0],"3":[0,0],"4":[1,1],"5":[0,0,0,0,0,0,0]}}
,"/Users/medmed/Development/frontend/packages/util-common/src/text/index.js": {"path":"/Users/medmed/Development/frontend/packages/util-common/src/text/index.js","statementMap":{},"fnMap":{},"branchMap":{},"s":{},"f":{},"b":{},"inputSourceMap":null,"_coverageSchema":"1a1c01bbd47fc00a2c39e90264f33305004495a9","hash":"8ec32ef58762a3795ed292cc5b48ac382e6327e8"}
,"/Users/medmed/Development/frontend/packages/util-common/src/text/text.js": {"path":"/Users/medmed/Development/frontend/packages/util-common/src/text/text.js","statementMap":{"0":{"start":{"line":1,"column":25},"end":{"line":9,"column":14}},"1":{"start":{"line":2,"column":2},"end":{"line":9,"column":14}},"2":{"start":{"line":5,"column":6},"end":{"line":7,"column":14}},"3":{"start":{"line":11,"column":37},"end":{"line":11,"column":39}},"4":{"start":{"line":13,"column":30},"end":{"line":21,"column":1}},"5":{"start":{"line":17,"column":16},"end":{"line":17,"column":38}},"6":{"start":{"line":18,"column":30},"end":{"line":18,"column":64}},"7":{"start":{"line":20,"column":2},"end":{"line":20,"column":29}},"8":{"start":{"line":23,"column":25},"end":{"line":24,"column":35}},"9":{"start":{"line":24,"column":2},"end":{"line":24,"column":35}}},"fnMap":{"0":{"name":"(anonymous_0)","decl":{"start":{"line":1,"column":25},"end":{"line":1,"column":26}},"loc":{"start":{"line":2,"column":2},"end":{"line":9,"column":14}},"line":2},"1":{"name":"(anonymous_1)","decl":{"start":{"line":4,"column":9},"end":{"line":4,"column":10}},"loc":{"start":{"line":5,"column":6},"end":{"line":7,"column":14}},"line":5},"2":{"name":"(anonymous_2)","decl":{"start":{"line":13,"column":30},"end":{"line":13,"column":31}},"loc":{"start":{"line":16,"column":6},"end":{"line":21,"column":1}},"line":16},"3":{"name":"(anonymous_3)","decl":{"start":{"line":23,"column":25},"end":{"line":23,"column":26}},"loc":{"start":{"line":24,"column":2},"end":{"line":24,"column":35}},"line":24}},"branchMap":{"0":{"loc":{"start":{"line":1,"column":34},"end":{"line":1,"column":55}},"type":"default-arg","locations":[{"start":{"line":1,"column":50},"end":{"line":1,"column":55}}],"line":1},"1":{"loc":{"start":{"line":5,"column":6},"end":{"line":7,"column":14}},"type":"cond-expr","locations":[{"start":{"line":6,"column":10},"end":{"line":6,"column":54}},{"start":{"line":7,"column":10},"end":{"line":7,"column":14}}],"line":5},"2":{"loc":{"start":{"line":5,"column":6},"end":{"line":5,"column":31}},"type":"binary-expr","locations":[{"start":{"line":5,"column":6},"end":{"line":5,"column":20}},{"start":{"line":5,"column":24},"end":{"line":5,"column":31}}],"line":5},"3":{"loc":{"start":{"line":15,"column":2},"end":{"line":15,"column":40}},"type":"default-arg","locations":[{"start":{"line":15,"column":19},"end":{"line":15,"column":40}}],"line":15},"4":{"loc":{"start":{"line":23,"column":26},"end":{"line":23,"column":37}},"type":"default-arg","locations":[{"start":{"line":23,"column":35},"end":{"line":23,"column":37}}],"line":23}},"s":{"0":1,"1":0,"2":0,"3":1,"4":1,"5":2,"6":2,"7":2,"8":1,"9":2},"f":{"0":0,"1":0,"2":2,"3":2},"b":{"0":[0],"1":[0,0],"2":[0,0],"3":[2],"4":[0]},"inputSourceMap":null,"_coverageSchema":"1a1c01bbd47fc00a2c39e90264f33305004495a9","hash":"e85044103715dbae6785a6678e361477448017df"}
,"/Users/medmed/Development/frontend/packages/util-common/src/url/index.ts": {"path":"/Users/medmed/Development/frontend/packages/util-common/src/url/index.ts","statementMap":{"0":{"start":{"line":6,"column":0},"end":{"line":6,"column":44}},"1":{"start":{"line":34,"column":20},"end":{"line":39,"column":1}},"2":{"start":{"line":35,"column":20},"end":{"line":35,"column":45}},"3":{"start":{"line":36,"column":2},"end":{"line":36,"column":41}},"4":{"start":{"line":36,"column":28},"end":{"line":36,"column":41}},"5":{"start":{"line":37,"column":16},"end":{"line":37,"column":42}},"6":{"start":{"line":38,"column":2},"end":{"line":38,"column":55}},"7":{"start":{"line":38,"column":29},"end":{"line":38,"column":53}},"8":{"start":{"line":46,"column":16},"end":{"line":86,"column":2}},"9":{"start":{"line":46,"column":47},"end":{"line":86,"column":2}},"10":{"start":{"line":48,"column":37},"end":{"line":48,"column":50}},"11":{"start":{"line":50,"column":19},"end":{"line":50,"column":89}},"12":{"start":{"line":52,"column":19},"end":{"line":52,"column":70}},"13":{"start":{"line":54,"column":16},"end":{"line":54,"column":70}},"14":{"start":{"line":56,"column":16},"end":{"line":56,"column":95}},"15":{"start":{"line":62,"column":4},"end":{"line":71,"column":5}},"16":{"start":{"line":63,"column":6},"end":{"line":70,"column":8}},"17":{"start":{"line":72,"column":4},"end":{"line":79,"column":6}},"18":{"start":{"line":82,"column":40},"end":{"line":82,"column":44}},"19":{"start":{"line":84,"column":14},"end":{"line":84,"column":15}},"20":{"start":{"line":85,"column":14},"end":{"line":85,"column":28}},"21":{"start":{"line":103,"column":22},"end":{"line":106,"column":1}},"22":{"start":{"line":104,"column":19},"end":{"line":104,"column":78}},"23":{"start":{"line":105,"column":2},"end":{"line":105,"column":27}},"24":{"start":{"line":103,"column":13},"end":{"line":103,"column":22}},"25":{"start":{"line":108,"column":38},"end":{"line":109,"column":48}},"26":{"start":{"line":109,"column":2},"end":{"line":109,"column":48}},"27":{"start":{"line":108,"column":13},"end":{"line":108,"column":38}},"28":{"start":{"line":111,"column":43},"end":{"line":112,"column":55}},"29":{"start":{"line":112,"column":2},"end":{"line":112,"column":55}},"30":{"start":{"line":111,"column":13},"end":{"line":111,"column":43}},"31":{"start":{"line":114,"column":19},"end":{"line":156,"column":2}},"32":{"start":{"line":114,"column":35},"end":{"line":156,"column":2}},"33":{"start":{"line":115,"column":37},"end":{"line":115,"column":46}},"34":{"start":{"line":116,"column":21},"end":{"line":116,"column":41}},"35":{"start":{"line":118,"column":4},"end":{"line":132,"column":null}},"36":{"start":{"line":121,"column":10},"end":{"line":124,"column":22}},"37":{"start":{"line":123,"column":33},"end":{"line":123,"column":44}},"38":{"start":{"line":127,"column":16},"end":{"line":127,"column":17}},"39":{"start":{"line":129,"column":12},"end":{"line":131,"column":14}},"40":{"start":{"line":134,"column":18},"end":{"line":134,"column":33}},"41":{"start":{"line":136,"column":4},"end":{"line":149,"column":null}},"42":{"start":{"line":139,"column":11},"end":{"line":145,"column":55}},"43":{"start":{"line":142,"column":29},"end":{"line":142,"column":41}},"44":{"start":{"line":143,"column":14},"end":{"line":143,"column":null}},"45":{"start":{"line":144,"column":14},"end":{"line":144,"column":null}},"46":{"start":{"line":148,"column":14},"end":{"line":148,"column":18}},"47":{"start":{"line":149,"column":15},"end":{"line":149,"column":53}},"48":{"start":{"line":151,"column":20},"end":{"line":151,"column":40}},"49":{"start":{"line":152,"column":17},"end":{"line":152,"column":32}},"50":{"start":{"line":153,"column":18},"end":{"line":153,"column":33}},"51":{"start":{"line":154,"column":37},"end":{"line":154,"column":41}},"52":{"start":{"line":155,"column":14},"end":{"line":155,"column":15}},"53":{"start":{"line":114,"column":13},"end":{"line":114,"column":19}}},"fnMap":{"0":{"name":"(anonymous_0)","decl":{"start":{"line":34,"column":20},"end":{"line":34,"column":21}},"loc":{"start":{"line":34,"column":45},"end":{"line":39,"column":1}}},"1":{"name":"(anonymous_1)","decl":{"start":{"line":38,"column":21},"end":{"line":38,"column":25}},"loc":{"start":{"line":38,"column":29},"end":{"line":38,"column":53}}},"2":{"name":"(anonymous_2)","decl":{"start":{"line":46,"column":16},"end":{"line":46,"column":17}},"loc":{"start":{"line":46,"column":47},"end":{"line":86,"column":2}}},"3":{"name":"(anonymous_3)","decl":{"start":{"line":48,"column":7},"end":{"line":48,"column":8}},"loc":{"start":{"line":48,"column":37},"end":{"line":48,"column":50}}},"4":{"name":"(anonymous_4)","decl":{"start":{"line":50,"column":13},"end":{"line":50,"column":16}},"loc":{"start":{"line":50,"column":19},"end":{"line":50,"column":89}}},"5":{"name":"(anonymous_5)","decl":{"start":{"line":52,"column":13},"end":{"line":52,"column":16}},"loc":{"start":{"line":52,"column":19},"end":{"line":52,"column":70}}},"6":{"name":"(anonymous_6)","decl":{"start":{"line":54,"column":10},"end":{"line":54,"column":13}},"loc":{"start":{"line":54,"column":16},"end":{"line":54,"column":70}}},"7":{"name":"(anonymous_7)","decl":{"start":{"line":56,"column":10},"end":{"line":56,"column":13}},"loc":{"start":{"line":56,"column":16},"end":{"line":56,"column":95}}},"8":{"name":"(anonymous_8)","decl":{"start":{"line":61,"column":9},"end":{"line":61,"column":12}},"loc":{"start":{"line":61,"column":14},"end":{"line":80,"column":3}}},"9":{"name":"(anonymous_9)","decl":{"start":{"line":82,"column":9},"end":{"line":82,"column":10}},"loc":{"start":{"line":82,"column":40},"end":{"line":82,"column":44}}},"10":{"name":"(anonymous_10)","decl":{"start":{"line":84,"column":8},"end":{"line":84,"column":11}},"loc":{"start":{"line":84,"column":14},"end":{"line":84,"column":15}}},"11":{"name":"(anonymous_11)","decl":{"start":{"line":85,"column":8},"end":{"line":85,"column":11}},"loc":{"start":{"line":85,"column":14},"end":{"line":85,"column":28}}},"12":{"name":"(anonymous_12)","decl":{"start":{"line":103,"column":22},"end":{"line":103,"column":23}},"loc":{"start":{"line":103,"column":53},"end":{"line":106,"column":1}}},"13":{"name":"(anonymous_13)","decl":{"start":{"line":108,"column":38},"end":{"line":108,"column":39}},"loc":{"start":{"line":109,"column":2},"end":{"line":109,"column":48}}},"14":{"name":"(anonymous_14)","decl":{"start":{"line":111,"column":43},"end":{"line":111,"column":44}},"loc":{"start":{"line":112,"column":2},"end":{"line":112,"column":55}}},"15":{"name":"(anonymous_15)","decl":{"start":{"line":114,"column":19},"end":{"line":114,"column":20}},"loc":{"start":{"line":114,"column":35},"end":{"line":156,"column":2}}},"16":{"name":"(anonymous_16)","decl":{"start":{"line":115,"column":7},"end":{"line":115,"column":8}},"loc":{"start":{"line":115,"column":37},"end":{"line":115,"column":46}}},"17":{"name":"(anonymous_17)","decl":{"start":{"line":116,"column":15},"end":{"line":116,"column":18}},"loc":{"start":{"line":116,"column":21},"end":{"line":116,"column":41}}},"18":{"name":"(anonymous_18)","decl":{"start":{"line":117,"column":25},"end":{"line":117,"column":26}},"loc":{"start":{"line":118,"column":4},"end":{"line":132,"column":null}}},"19":{"name":"(anonymous_19)","decl":{"start":{"line":120,"column":13},"end":{"line":120,"column":14}},"loc":{"start":{"line":121,"column":10},"end":{"line":124,"column":22}}},"20":{"name":"(anonymous_20)","decl":{"start":{"line":123,"column":21},"end":{"line":123,"column":22}},"loc":{"start":{"line":123,"column":33},"end":{"line":123,"column":44}}},"21":{"name":"(anonymous_21)","decl":{"start":{"line":127,"column":10},"end":{"line":127,"column":13}},"loc":{"start":{"line":127,"column":16},"end":{"line":127,"column":17}}},"22":{"name":"(anonymous_22)","decl":{"start":{"line":128,"column":10},"end":{"line":128,"column":11}},"loc":{"start":{"line":129,"column":12},"end":{"line":131,"column":14}}},"23":{"name":"(anonymous_23)","decl":{"start":{"line":134,"column":12},"end":{"line":134,"column":15}},"loc":{"start":{"line":134,"column":18},"end":{"line":134,"column":33}}},"24":{"name":"(anonymous_24)","decl":{"start":{"line":135,"column":21},"end":{"line":135,"column":24}},"loc":{"start":{"line":136,"column":4},"end":{"line":149,"column":null}}},"25":{"name":"(anonymous_25)","decl":{"start":{"line":138,"column":8},"end":{"line":138,"column":9}},"loc":{"start":{"line":139,"column":11},"end":{"line":145,"column":55}}},"26":{"name":"(anonymous_26)","decl":{"start":{"line":141,"column":20},"end":{"line":141,"column":21}},"loc":{"start":{"line":141,"column":54},"end":{"line":145,"column":13}}},"27":{"name":"(anonymous_27)","decl":{"start":{"line":148,"column":8},"end":{"line":148,"column":11}},"loc":{"start":{"line":148,"column":14},"end":{"line":148,"column":18}}},"28":{"name":"(anonymous_28)","decl":{"start":{"line":149,"column":8},"end":{"line":149,"column":9}},"loc":{"start":{"line":149,"column":15},"end":{"line":149,"column":53}}},"29":{"name":"(anonymous_29)","decl":{"start":{"line":151,"column":14},"end":{"line":151,"column":17}},"loc":{"start":{"line":151,"column":20},"end":{"line":151,"column":40}}},"30":{"name":"(anonymous_30)","decl":{"start":{"line":152,"column":11},"end":{"line":152,"column":14}},"loc":{"start":{"line":152,"column":17},"end":{"line":152,"column":32}}},"31":{"name":"(anonymous_31)","decl":{"start":{"line":153,"column":12},"end":{"line":153,"column":15}},"loc":{"start":{"line":153,"column":18},"end":{"line":153,"column":33}}},"32":{"name":"(anonymous_32)","decl":{"start":{"line":154,"column":9},"end":{"line":154,"column":10}},"loc":{"start":{"line":154,"column":37},"end":{"line":154,"column":41}}},"33":{"name":"(anonymous_33)","decl":{"start":{"line":155,"column":8},"end":{"line":155,"column":11}},"loc":{"start":{"line":155,"column":14},"end":{"line":155,"column":15}}}},"branchMap":{"0":{"loc":{"start":{"line":36,"column":2},"end":{"line":36,"column":41}},"type":"if","locations":[{"start":{"line":36,"column":2},"end":{"line":36,"column":41}}]},"1":{"loc":{"start":{"line":38,"column":29},"end":{"line":38,"column":53}},"type":"binary-expr","locations":[{"start":{"line":38,"column":29},"end":{"line":38,"column":38}},{"start":{"line":38,"column":42},"end":{"line":38,"column":53}}]},"2":{"loc":{"start":{"line":50,"column":27},"end":{"line":50,"column":88}},"type":"cond-expr","locations":[{"start":{"line":50,"column":44},"end":{"line":50,"column":45}},{"start":{"line":50,"column":48},"end":{"line":50,"column":88}}]},"3":{"loc":{"start":{"line":52,"column":27},"end":{"line":52,"column":69}},"type":"cond-expr","locations":[{"start":{"line":52,"column":44},"end":{"line":52,"column":45}},{"start":{"line":52,"column":48},"end":{"line":52,"column":69}}]},"4":{"loc":{"start":{"line":54,"column":16},"end":{"line":54,"column":70}},"type":"cond-expr","locations":[{"start":{"line":54,"column":33},"end":{"line":54,"column":35}},{"start":{"line":54,"column":38},"end":{"line":54,"column":70}}]},"5":{"loc":{"start":{"line":54,"column":38},"end":{"line":54,"column":70}},"type":"binary-expr","locations":[{"start":{"line":54,"column":38},"end":{"line":54,"column":64}},{"start":{"line":54,"column":68},"end":{"line":54,"column":70}}]},"6":{"loc":{"start":{"line":54,"column":39},"end":{"line":54,"column":60}},"type":"binary-expr","locations":[{"start":{"line":54,"column":39},"end":{"line":54,"column":54}},{"start":{"line":54,"column":58},"end":{"line":54,"column":60}}]},"7":{"loc":{"start":{"line":56,"column":16},"end":{"line":56,"column":95}},"type":"cond-expr","locations":[{"start":{"line":56,"column":33},"end":{"line":56,"column":35}},{"start":{"line":56,"column":39},"end":{"line":56,"column":94}}]},"8":{"loc":{"start":{"line":56,"column":39},"end":{"line":56,"column":94}},"type":"cond-expr","locations":[{"start":{"line":56,"column":65},"end":{"line":56,"column":89}},{"start":{"line":56,"column":92},"end":{"line":56,"column":94}}]},"9":{"loc":{"start":{"line":56,"column":65},"end":{"line":56,"column":89}},"type":"binary-expr","locations":[{"start":{"line":56,"column":65},"end":{"line":56,"column":83}},{"start":{"line":56,"column":87},"end":{"line":56,"column":89}}]},"10":{"loc":{"start":{"line":62,"column":4},"end":{"line":71,"column":5}},"type":"if","locations":[{"start":{"line":62,"column":4},"end":{"line":71,"column":5}}]},"11":{"loc":{"start":{"line":104,"column":19},"end":{"line":104,"column":78}},"type":"cond-expr","locations":[{"start":{"line":104,"column":51},"end":{"line":104,"column":72}},{"start":{"line":104,"column":75},"end":{"line":104,"column":78}}]},"12":{"loc":{"start":{"line":109,"column":2},"end":{"line":109,"column":48}},"type":"cond-expr","locations":[{"start":{"line":109,"column":31},"end":{"line":109,"column":35}},{"start":{"line":109,"column":38},"end":{"line":109,"column":48}}]},"13":{"loc":{"start":{"line":109,"column":2},"end":{"line":109,"column":28}},"type":"binary-expr","locations":[{"start":{"line":109,"column":2},"end":{"line":109,"column":6}},{"start":{"line":109,"column":10},"end":{"line":109,"column":28}}]},"14":{"loc":{"start":{"line":112,"column":2},"end":{"line":112,"column":55}},"type":"cond-expr","locations":[{"start":{"line":112,"column":31},"end":{"line":112,"column":48}},{"start":{"line":112,"column":51},"end":{"line":112,"column":55}}]},"15":{"loc":{"start":{"line":112,"column":2},"end":{"line":112,"column":28}},"type":"binary-expr","locations":[{"start":{"line":112,"column":2},"end":{"line":112,"column":6}},{"start":{"line":112,"column":10},"end":{"line":112,"column":28}}]},"16":{"loc":{"start":{"line":130,"column":14},"end":{"line":130,"column":null}},"type":"cond-expr","locations":[{"start":{"line":130,"column":32},"end":{"line":130,"column":53}},{"start":{"line":130,"column":56},"end":{"line":130,"column":null}}]}},"s":{"0":2,"1":2,"2":91,"3":91,"4":83,"5":8,"6":8,"7":29,"8":2,"9":116,"10":2,"11":12,"12":22,"13":14,"14":28,"15":11,"16":2,"17":9,"18":1,"19":32,"20":4,"21":2,"22":33,"23":33,"24":2,"25":2,"26":4,"27":2,"28":2,"29":4,"30":2,"31":2,"32":14,"33":1,"34":1,"35":1,"36":1,"37":0,"38":0,"39":1,"40":1,"41":3,"42":3,"43":3,"44":3,"45":3,"46":0,"47":3,"48":0,"49":1,"50":3,"51":0,"52":3,"53":2},"f":{"0":91,"1":29,"2":116,"3":2,"4":12,"5":22,"6":14,"7":28,"8":11,"9":1,"10":32,"11":4,"12":33,"13":4,"14":4,"15":14,"16":1,"17":1,"18":1,"19":1,"20":0,"21":0,"22":1,"23":1,"24":3,"25":3,"26":3,"27":0,"28":3,"29":0,"30":1,"31":3,"32":0,"33":3},"b":{"0":[83],"1":[29,29],"2":[1,11],"3":[1,21],"4":[1,13],"5":[13,9],"6":[13,9],"7":[1,27],"8":[21,6],"9":[21,0],"10":[2],"11":[9,24],"12":[2,2],"13":[4,3],"14":[2,2],"15":[4,3],"16":[0,1]}}
}
