{"/Users/medmed/Development/frontend/packages/util-common/src/checker/index.ts": {"path":"/Users/medmed/Development/frontend/packages/util-common/src/checker/index.ts","statementMap":{"0":{"start":{"line":1,"column":23},"end":{"line":5,"column":1}},"1":{"start":{"line":2,"column":13},"end":{"line":2,"column":33}},"2":{"start":{"line":3,"column":2},"end":{"line":3,"column":null}},"3":{"start":{"line":4,"column":2},"end":{"line":4,"column":null}},"4":{"start":{"line":1,"column":13},"end":{"line":1,"column":23}},"5":{"start":{"line":7,"column":27},"end":{"line":8,"column":63}},"6":{"start":{"line":8,"column":2},"end":{"line":8,"column":63}},"7":{"start":{"line":7,"column":13},"end":{"line":7,"column":27}},"8":{"start":{"line":10,"column":22},"end":{"line":10,"column":65}},"9":{"start":{"line":10,"column":51},"end":{"line":10,"column":65}},"10":{"start":{"line":10,"column":13},"end":{"line":10,"column":22}},"11":{"start":{"line":12,"column":26},"end":{"line":13,"column":37}},"12":{"start":{"line":13,"column":2},"end":{"line":13,"column":37}},"13":{"start":{"line":12,"column":13},"end":{"line":12,"column":26}},"14":{"start":{"line":15,"column":25},"end":{"line":16,"column":24}},"15":{"start":{"line":16,"column":2},"end":{"line":16,"column":24}},"16":{"start":{"line":15,"column":13},"end":{"line":15,"column":25}},"17":{"start":{"line":18,"column":23},"end":{"line":19,"column":26}},"18":{"start":{"line":19,"column":2},"end":{"line":19,"column":26}},"19":{"start":{"line":18,"column":13},"end":{"line":18,"column":23}},"20":{"start":{"line":21,"column":24},"end":{"line":22,"column":31}},"21":{"start":{"line":22,"column":2},"end":{"line":22,"column":31}},"22":{"start":{"line":21,"column":13},"end":{"line":21,"column":24}},"23":{"start":{"line":24,"column":23},"end":{"line":26,"column":41}},"24":{"start":{"line":25,"column":2},"end":{"line":26,"column":41}},"25":{"start":{"line":24,"column":13},"end":{"line":24,"column":23}},"26":{"start":{"line":28,"column":24},"end":{"line":29,"column":34}},"27":{"start":{"line":29,"column":2},"end":{"line":29,"column":34}},"28":{"start":{"line":28,"column":13},"end":{"line":28,"column":24}},"29":{"start":{"line":31,"column":25},"end":{"line":31,"column":69}},"30":{"start":{"line":31,"column":40},"end":{"line":31,"column":69}},"31":{"start":{"line":31,"column":13},"end":{"line":31,"column":25}}},"fnMap":{"0":{"name":"(anonymous_0)","decl":{"start":{"line":1,"column":23},"end":{"line":1,"column":24}},"loc":{"start":{"line":1,"column":48},"end":{"line":5,"column":1}}},"1":{"name":"(anonymous_1)","decl":{"start":{"line":7,"column":27},"end":{"line":7,"column":28}},"loc":{"start":{"line":8,"column":2},"end":{"line":8,"column":63}}},"2":{"name":"(anonymous_2)","decl":{"start":{"line":10,"column":22},"end":{"line":10,"column":23}},"loc":{"start":{"line":10,"column":51},"end":{"line":10,"column":65}}},"3":{"name":"(anonymous_3)","decl":{"start":{"line":12,"column":26},"end":{"line":12,"column":27}},"loc":{"start":{"line":13,"column":2},"end":{"line":13,"column":37}}},"4":{"name":"(anonymous_4)","decl":{"start":{"line":15,"column":25},"end":{"line":15,"column":26}},"loc":{"start":{"line":16,"column":2},"end":{"line":16,"column":24}}},"5":{"name":"(anonymous_5)","decl":{"start":{"line":18,"column":23},"end":{"line":18,"column":24}},"loc":{"start":{"line":19,"column":2},"end":{"line":19,"column":26}}},"6":{"name":"(anonymous_6)","decl":{"start":{"line":21,"column":24},"end":{"line":21,"column":25}},"loc":{"start":{"line":22,"column":2},"end":{"line":22,"column":31}}},"7":{"name":"(anonymous_7)","decl":{"start":{"line":24,"column":23},"end":{"line":24,"column":24}},"loc":{"start":{"line":25,"column":2},"end":{"line":26,"column":41}}},"8":{"name":"(anonymous_8)","decl":{"start":{"line":28,"column":24},"end":{"line":28,"column":25}},"loc":{"start":{"line":29,"column":2},"end":{"line":29,"column":34}}},"9":{"name":"(anonymous_9)","decl":{"start":{"line":31,"column":25},"end":{"line":31,"column":37}},"loc":{"start":{"line":31,"column":40},"end":{"line":31,"column":69}}}},"branchMap":{"0":{"loc":{"start":{"line":8,"column":2},"end":{"line":8,"column":63}},"type":"binary-expr","locations":[{"start":{"line":8,"column":2},"end":{"line":8,"column":34}},{"start":{"line":8,"column":38},"end":{"line":8,"column":63}}]},"1":{"loc":{"start":{"line":13,"column":2},"end":{"line":13,"column":37}},"type":"binary-expr","locations":[{"start":{"line":13,"column":2},"end":{"line":13,"column":20}},{"start":{"line":13,"column":24},"end":{"line":13,"column":37}}]},"2":{"loc":{"start":{"line":25,"column":2},"end":{"line":26,"column":41}},"type":"binary-expr","locations":[{"start":{"line":25,"column":2},"end":{"line":25,"column":31}},{"start":{"line":26,"column":2},"end":{"line":26,"column":41}}]},"3":{"loc":{"start":{"line":26,"column":18},"end":{"line":26,"column":33}},"type":"binary-expr","locations":[{"start":{"line":26,"column":18},"end":{"line":26,"column":27}},{"start":{"line":26,"column":31},"end":{"line":26,"column":33}}]}},"s":{"0":1,"1":2,"2":2,"3":2,"4":1,"5":1,"6":2,"7":1,"8":1,"9":1,"10":1,"11":1,"12":0,"13":1,"14":1,"15":0,"16":1,"17":1,"18":1,"19":1,"20":1,"21":0,"22":1,"23":1,"24":6,"25":1,"26":1,"27":2,"28":1,"29":1,"30":0,"31":1},"f":{"0":2,"1":2,"2":1,"3":0,"4":0,"5":1,"6":0,"7":6,"8":2,"9":0},"b":{"0":[2,1],"1":[0,0],"2":[6,4],"3":[4,0]}}
,"/Users/medmed/Development/frontend/packages/util-common/src/date/index.js": {"path":"/Users/medmed/Development/frontend/packages/util-common/src/date/index.js","statementMap":{"0":{"start":{"line":4,"column":23},"end":{"line":10,"column":1}},"1":{"start":{"line":5,"column":12},"end":{"line":5,"column":22}},"2":{"start":{"line":6,"column":2},"end":{"line":6,"column":46}},"3":{"start":{"line":6,"column":13},"end":{"line":6,"column":46}},"4":{"start":{"line":7,"column":2},"end":{"line":7,"column":42}},"5":{"start":{"line":7,"column":12},"end":{"line":7,"column":42}},"6":{"start":{"line":9,"column":2},"end":{"line":9,"column":11}},"7":{"start":{"line":12,"column":33},"end":{"line":28,"column":1}},"8":{"start":{"line":16,"column":21},"end":{"line":19,"column":4}},"9":{"start":{"line":20,"column":20},"end":{"line":20,"column":49}},"10":{"start":{"line":20,"column":27},"end":{"line":20,"column":49}},"11":{"start":{"line":21,"column":15},"end":{"line":21,"column":25}},"12":{"start":{"line":22,"column":21},"end":{"line":23,"column":67}},"13":{"start":{"line":23,"column":4},"end":{"line":23,"column":67}},"14":{"start":{"line":25,"column":2},"end":{"line":27,"column":4}},"15":{"start":{"line":25,"column":40},"end":{"line":25,"column":41}},"16":{"start":{"line":26,"column":4},"end":{"line":26,"column":27}},"17":{"start":{"line":30,"column":28},"end":{"line":33,"column":37}},"18":{"start":{"line":33,"column":11},"end":{"line":33,"column":37}}},"fnMap":{"0":{"name":"(anonymous_0)","decl":{"start":{"line":4,"column":23},"end":{"line":4,"column":24}},"loc":{"start":{"line":4,"column":44},"end":{"line":10,"column":1}},"line":4},"1":{"name":"(anonymous_1)","decl":{"start":{"line":12,"column":33},"end":{"line":12,"column":34}},"loc":{"start":{"line":15,"column":5},"end":{"line":28,"column":1}},"line":15},"2":{"name":"(anonymous_2)","decl":{"start":{"line":20,"column":20},"end":{"line":20,"column":21}},"loc":{"start":{"line":20,"column":27},"end":{"line":20,"column":49}},"line":20},"3":{"name":"(anonymous_3)","decl":{"start":{"line":22,"column":21},"end":{"line":22,"column":22}},"loc":{"start":{"line":23,"column":4},"end":{"line":23,"column":67}},"line":23},"4":{"name":"(anonymous_4)","decl":{"start":{"line":25,"column":30},"end":{"line":25,"column":31}},"loc":{"start":{"line":25,"column":40},"end":{"line":25,"column":41}},"line":25},"5":{"name":"(anonymous_5)","decl":{"start":{"line":25,"column":47},"end":{"line":25,"column":48}},"loc":{"start":{"line":26,"column":4},"end":{"line":26,"column":27}},"line":26},"6":{"name":"(anonymous_6)","decl":{"start":{"line":30,"column":28},"end":{"line":30,"column":29}},"loc":{"start":{"line":33,"column":11},"end":{"line":33,"column":37}},"line":33}},"branchMap":{"0":{"loc":{"start":{"line":6,"column":2},"end":{"line":6,"column":46}},"type":"if","locations":[{"start":{"line":6,"column":2},"end":{"line":6,"column":46}},{"start":{},"end":{}}],"line":6},"1":{"loc":{"start":{"line":7,"column":2},"end":{"line":7,"column":42}},"type":"if","locations":[{"start":{"line":7,"column":2},"end":{"line":7,"column":42}},{"start":{},"end":{}}],"line":7},"2":{"loc":{"start":{"line":13,"column":2},"end":{"line":13,"column":19}},"type":"default-arg","locations":[{"start":{"line":13,"column":15},"end":{"line":13,"column":19}}],"line":13},"3":{"loc":{"start":{"line":14,"column":2},"end":{"line":14,"column":18}},"type":"default-arg","locations":[{"start":{"line":14,"column":12},"end":{"line":14,"column":18}}],"line":14},"4":{"loc":{"start":{"line":30,"column":29},"end":{"line":33,"column":6}},"type":"default-arg","locations":[{"start":{"line":33,"column":4},"end":{"line":33,"column":6}}],"line":30},"5":{"loc":{"start":{"line":31,"column":2},"end":{"line":31,"column":19}},"type":"default-arg","locations":[{"start":{"line":31,"column":9},"end":{"line":31,"column":19}}],"line":31},"6":{"loc":{"start":{"line":32,"column":2},"end":{"line":32,"column":23}},"type":"default-arg","locations":[{"start":{"line":32,"column":11},"end":{"line":32,"column":23}}],"line":32}},"s":{"0":1,"1":0,"2":0,"3":0,"4":0,"5":0,"6":0,"7":1,"8":1,"9":1,"10":7,"11":1,"12":1,"13":7,"14":1,"15":7,"16":7,"17":1,"18":1},"f":{"0":0,"1":1,"2":7,"3":7,"4":7,"5":7,"6":1},"b":{"0":[0,0],"1":[0,0],"2":[0],"3":[1],"4":[0],"5":[0],"6":[1]},"inputSourceMap":null,"_coverageSchema":"1a1c01bbd47fc00a2c39e90264f33305004495a9","hash":"45a7ccaa02a14f3051a3ae32d0fc60b83f76c083"}
,"/Users/medmed/Development/frontend/packages/util-common/src/entities/Maybe.ts": {"path":"/Users/medmed/Development/frontend/packages/util-common/src/entities/Maybe.ts","statementMap":{"0":{"start":{"line":14,"column":13},"end":{"line":20,"column":2}},"1":{"start":{"line":14,"column":38},"end":{"line":20,"column":2}},"2":{"start":{"line":15,"column":40},"end":{"line":15,"column":44}},"3":{"start":{"line":16,"column":30},"end":{"line":16,"column":41}},"4":{"start":{"line":17,"column":54},"end":{"line":17,"column":62}},"5":{"start":{"line":22,"column":16},"end":{"line":28,"column":2}},"6":{"start":{"line":22,"column":37},"end":{"line":28,"column":2}},"7":{"start":{"line":23,"column":40},"end":{"line":23,"column":52}},"8":{"start":{"line":24,"column":30},"end":{"line":24,"column":42}},"9":{"start":{"line":25,"column":49},"end":{"line":25,"column":55}},"10":{"start":{"line":30,"column":21},"end":{"line":34,"column":1}},"11":{"start":{"line":31,"column":2},"end":{"line":31,"column":57}},"12":{"start":{"line":31,"column":37},"end":{"line":31,"column":57}},"13":{"start":{"line":32,"column":21},"end":{"line":32,"column":46}},"14":{"start":{"line":33,"column":2},"end":{"line":33,"column":55}},"15":{"start":{"line":30,"column":13},"end":{"line":30,"column":21}}},"fnMap":{"0":{"name":"(anonymous_0)","decl":{"start":{"line":14,"column":13},"end":{"line":14,"column":17}},"loc":{"start":{"line":14,"column":38},"end":{"line":20,"column":2}}},"1":{"name":"(anonymous_1)","decl":{"start":{"line":15,"column":9},"end":{"line":15,"column":13}},"loc":{"start":{"line":15,"column":40},"end":{"line":15,"column":44}}},"2":{"name":"(anonymous_2)","decl":{"start":{"line":16,"column":7},"end":{"line":16,"column":11}},"loc":{"start":{"line":16,"column":30},"end":{"line":16,"column":41}}},"3":{"name":"(anonymous_3)","decl":{"start":{"line":17,"column":8},"end":{"line":17,"column":15}},"loc":{"start":{"line":17,"column":54},"end":{"line":17,"column":62}}},"4":{"name":"(anonymous_4)","decl":{"start":{"line":22,"column":16},"end":{"line":22,"column":33}},"loc":{"start":{"line":22,"column":37},"end":{"line":28,"column":2}}},"5":{"name":"(anonymous_5)","decl":{"start":{"line":23,"column":9},"end":{"line":23,"column":13}},"loc":{"start":{"line":23,"column":40},"end":{"line":23,"column":52}}},"6":{"name":"(anonymous_6)","decl":{"start":{"line":24,"column":7},"end":{"line":24,"column":11}},"loc":{"start":{"line":24,"column":30},"end":{"line":24,"column":42}}},"7":{"name":"(anonymous_7)","decl":{"start":{"line":25,"column":8},"end":{"line":25,"column":15}},"loc":{"start":{"line":25,"column":49},"end":{"line":25,"column":55}}},"8":{"name":"(anonymous_8)","decl":{"start":{"line":30,"column":21},"end":{"line":30,"column":25}},"loc":{"start":{"line":30,"column":63},"end":{"line":34,"column":1}}}},"branchMap":{"0":{"loc":{"start":{"line":31,"column":2},"end":{"line":31,"column":57}},"type":"if","locations":[{"start":{"line":31,"column":2},"end":{"line":31,"column":57}}]},"1":{"loc":{"start":{"line":31,"column":6},"end":{"line":31,"column":35}},"type":"binary-expr","locations":[{"start":{"line":31,"column":6},"end":{"line":31,"column":16}},{"start":{"line":31,"column":20},"end":{"line":31,"column":35}}]},"2":{"loc":{"start":{"line":33,"column":9},"end":{"line":33,"column":54}},"type":"cond-expr","locations":[{"start":{"line":33,"column":32},"end":{"line":33,"column":44}},{"start":{"line":33,"column":47},"end":{"line":33,"column":54}}]}},"s":{"0":1,"1":20,"2":4,"3":8,"4":7,"5":1,"6":10,"7":1,"8":2,"9":5,"10":1,"11":27,"12":7,"13":20,"14":20,"15":1},"f":{"0":20,"1":4,"2":8,"3":7,"4":10,"5":1,"6":2,"7":5,"8":27},"b":{"0":[7],"1":[27,22],"2":[0,20]}}
,"/Users/medmed/Development/frontend/packages/util-common/src/entities/Obj.ts": {"path":"/Users/medmed/Development/frontend/packages/util-common/src/entities/Obj.ts","statementMap":{"0":{"start":{"line":14,"column":19},"end":{"line":59,"column":2}},"1":{"start":{"line":14,"column":81},"end":{"line":59,"column":2}},"2":{"start":{"line":15,"column":12},"end":{"line":15,"column":23}},"3":{"start":{"line":16,"column":14},"end":{"line":16,"column":20}},"4":{"start":{"line":17,"column":14},"end":{"line":17,"column":17}},"5":{"start":{"line":19,"column":19},"end":{"line":19,"column":29}},"6":{"start":{"line":20,"column":4},"end":{"line":24,"column":7}},"7":{"start":{"line":21,"column":6},"end":{"line":23,"column":7}},"8":{"start":{"line":22,"column":8},"end":{"line":22,"column":27}},"9":{"start":{"line":25,"column":4},"end":{"line":25,"column":28}},"10":{"start":{"line":28,"column":19},"end":{"line":28,"column":29}},"11":{"start":{"line":29,"column":25},"end":{"line":29,"column":60}},"12":{"start":{"line":30,"column":4},"end":{"line":30,"column":52}},"13":{"start":{"line":30,"column":32},"end":{"line":30,"column":50}},"14":{"start":{"line":31,"column":4},"end":{"line":31,"column":28}},"15":{"start":{"line":34,"column":19},"end":{"line":34,"column":29}},"16":{"start":{"line":35,"column":4},"end":{"line":39,"column":7}},"17":{"start":{"line":36,"column":6},"end":{"line":38,"column":7}},"18":{"start":{"line":37,"column":8},"end":{"line":37,"column":32}},"19":{"start":{"line":40,"column":4},"end":{"line":40,"column":28}},"20":{"start":{"line":43,"column":4},"end":{"line":45,"column":null}},"21":{"start":{"line":44,"column":30},"end":{"line":44,"column":54}},"22":{"start":{"line":47,"column":14},"end":{"line":47,"column":45}},"23":{"start":{"line":49,"column":19},"end":{"line":54,"column":37}},"24":{"start":{"line":50,"column":6},"end":{"line":52,"column":7}},"25":{"start":{"line":51,"column":8},"end":{"line":51,"column":23}},"26":{"start":{"line":53,"column":6},"end":{"line":53,"column":17}},"27":{"start":{"line":55,"column":4},"end":{"line":55,"column":28}},"28":{"start":{"line":57,"column":24},"end":{"line":57,"column":58}},"29":{"start":{"line":58,"column":21},"end":{"line":58,"column":55}},"30":{"start":{"line":14,"column":13},"end":{"line":14,"column":19}}},"fnMap":{"0":{"name":"(anonymous_0)","decl":{"start":{"line":14,"column":19},"end":{"line":14,"column":55}},"loc":{"start":{"line":14,"column":81},"end":{"line":59,"column":2}}},"1":{"name":"(anonymous_1)","decl":{"start":{"line":15,"column":7},"end":{"line":15,"column":8}},"loc":{"start":{"line":15,"column":12},"end":{"line":15,"column":23}}},"2":{"name":"(anonymous_2)","decl":{"start":{"line":16,"column":9},"end":{"line":16,"column":10}},"loc":{"start":{"line":16,"column":14},"end":{"line":16,"column":20}}},"3":{"name":"(anonymous_3)","decl":{"start":{"line":17,"column":8},"end":{"line":17,"column":11}},"loc":{"start":{"line":17,"column":14},"end":{"line":17,"column":17}}},"4":{"name":"(anonymous_4)","decl":{"start":{"line":18,"column":14},"end":{"line":18,"column":17}},"loc":{"start":{"line":18,"column":19},"end":{"line":26,"column":3}}},"5":{"name":"(anonymous_5)","decl":{"start":{"line":20,"column":35},"end":{"line":20,"column":36}},"loc":{"start":{"line":20,"column":52},"end":{"line":24,"column":5}}},"6":{"name":"(anonymous_6)","decl":{"start":{"line":27,"column":18},"end":{"line":27,"column":22}},"loc":{"start":{"line":27,"column":25},"end":{"line":32,"column":3}}},"7":{"name":"(anonymous_7)","decl":{"start":{"line":30,"column":25},"end":{"line":30,"column":28}},"loc":{"start":{"line":30,"column":32},"end":{"line":30,"column":50}}},"8":{"name":"(anonymous_8)","decl":{"start":{"line":33,"column":10},"end":{"line":33,"column":19}},"loc":{"start":{"line":33,"column":22},"end":{"line":41,"column":3}}},"9":{"name":"(anonymous_9)","decl":{"start":{"line":35,"column":35},"end":{"line":35,"column":40}},"loc":{"start":{"line":35,"column":43},"end":{"line":39,"column":5}}},"10":{"name":"(anonymous_10)","decl":{"start":{"line":42,"column":16},"end":{"line":42,"column":19}},"loc":{"start":{"line":43,"column":4},"end":{"line":45,"column":null}}},"11":{"name":"(anonymous_11)","decl":{"start":{"line":44,"column":6},"end":{"line":44,"column":7}},"loc":{"start":{"line":44,"column":30},"end":{"line":44,"column":54}}},"12":{"name":"(anonymous_12)","decl":{"start":{"line":47,"column":8},"end":{"line":47,"column":11}},"loc":{"start":{"line":47,"column":14},"end":{"line":47,"column":45}}},"13":{"name":"(anonymous_13)","decl":{"start":{"line":48,"column":27},"end":{"line":48,"column":32}},"loc":{"start":{"line":48,"column":35},"end":{"line":56,"column":3}}},"14":{"name":"(anonymous_14)","decl":{"start":{"line":49,"column":46},"end":{"line":49,"column":47}},"loc":{"start":{"line":49,"column":66},"end":{"line":54,"column":5}}},"15":{"name":"(anonymous_15)","decl":{"start":{"line":57,"column":11},"end":{"line":57,"column":20}},"loc":{"start":{"line":57,"column":24},"end":{"line":57,"column":58}}},"16":{"name":"(anonymous_16)","decl":{"start":{"line":58,"column":12},"end":{"line":58,"column":17}},"loc":{"start":{"line":58,"column":21},"end":{"line":58,"column":55}}}},"branchMap":{"0":{"loc":{"start":{"line":21,"column":6},"end":{"line":23,"column":7}},"type":"if","locations":[{"start":{"line":21,"column":6},"end":{"line":23,"column":7}}]},"1":{"loc":{"start":{"line":29,"column":25},"end":{"line":29,"column":60}},"type":"cond-expr","locations":[{"start":{"line":29,"column":47},"end":{"line":29,"column":51}},{"start":{"line":29,"column":54},"end":{"line":29,"column":60}}]},"2":{"loc":{"start":{"line":36,"column":6},"end":{"line":38,"column":7}},"type":"if","locations":[{"start":{"line":36,"column":6},"end":{"line":38,"column":7}}]},"3":{"loc":{"start":{"line":50,"column":6},"end":{"line":52,"column":7}},"type":"if","locations":[{"start":{"line":50,"column":6},"end":{"line":52,"column":7}}]}},"s":{"0":1,"1":24,"2":2,"3":0,"4":10,"5":2,"6":2,"7":3,"8":1,"9":2,"10":3,"11":3,"12":3,"13":4,"14":3,"15":3,"16":3,"17":8,"18":4,"19":3,"20":0,"21":0,"22":0,"23":1,"24":2,"25":1,"26":2,"27":1,"28":3,"29":0,"30":1},"f":{"0":24,"1":2,"2":0,"3":10,"4":2,"5":3,"6":3,"7":4,"8":3,"9":8,"10":0,"11":0,"12":0,"13":1,"14":2,"15":3,"16":0},"b":{"0":[1],"1":[1,2],"2":[4],"3":[1]}}
,"/Users/medmed/Development/frontend/packages/util-common/src/formatter/phoneNumbers.ts": {"path":"/Users/medmed/Development/frontend/packages/util-common/src/formatter/phoneNumbers.ts","statementMap":{"0":{"start":{"line":2,"column":33},"end":{"line":4,"column":1}},"1":{"start":{"line":3,"column":2},"end":{"line":3,"column":51}},"2":{"start":{"line":2,"column":13},"end":{"line":2,"column":33}},"3":{"start":{"line":6,"column":38},"end":{"line":11,"column":1}},"4":{"start":{"line":7,"column":2},"end":{"line":10,"column":4}},"5":{"start":{"line":6,"column":13},"end":{"line":6,"column":38}},"6":{"start":{"line":13,"column":42},"end":{"line":16,"column":23}},"7":{"start":{"line":14,"column":2},"end":{"line":16,"column":23}},"8":{"start":{"line":13,"column":13},"end":{"line":13,"column":42}},"9":{"start":{"line":18,"column":52},"end":{"line":28,"column":1}},"10":{"start":{"line":22,"column":25},"end":{"line":23,"column":null}},"11":{"start":{"line":25,"column":2},"end":{"line":27,"column":21}},"12":{"start":{"line":18,"column":14},"end":{"line":18,"column":52}}},"fnMap":{"0":{"name":"(anonymous_0)","decl":{"start":{"line":2,"column":33},"end":{"line":2,"column":34}},"loc":{"start":{"line":2,"column":66},"end":{"line":4,"column":1}}},"1":{"name":"(anonymous_1)","decl":{"start":{"line":6,"column":38},"end":{"line":6,"column":39}},"loc":{"start":{"line":6,"column":62},"end":{"line":11,"column":1}}},"2":{"name":"(anonymous_2)","decl":{"start":{"line":13,"column":42},"end":{"line":13,"column":43}},"loc":{"start":{"line":14,"column":2},"end":{"line":16,"column":23}}},"3":{"name":"(anonymous_3)","decl":{"start":{"line":18,"column":52},"end":{"line":18,"column":null}},"loc":{"start":{"line":21,"column":4},"end":{"line":28,"column":1}}}},"branchMap":{"0":{"loc":{"start":{"line":14,"column":2},"end":{"line":16,"column":23}},"type":"cond-expr","locations":[{"start":{"line":15,"column":6},"end":{"line":15,"column":36}},{"start":{"line":16,"column":6},"end":{"line":16,"column":23}}]},"1":{"loc":{"start":{"line":20,"column":2},"end":{"line":20,"column":26}},"type":"default-arg","locations":[{"start":{"line":20,"column":24},"end":{"line":20,"column":26}}]},"2":{"loc":{"start":{"line":25,"column":9},"end":{"line":27,"column":20}},"type":"cond-expr","locations":[{"start":{"line":26,"column":6},"end":{"line":26,"column":54}},{"start":{"line":27,"column":6},"end":{"line":27,"column":20}}]}},"s":{"0":1,"1":4,"2":1,"3":1,"4":2,"5":1,"6":1,"7":3,"8":1,"9":1,"10":2,"11":2,"12":1},"f":{"0":4,"1":2,"2":3,"3":2},"b":{"0":[2,1],"1":[2],"2":[2,0]}}
,"/Users/medmed/Development/frontend/packages/util-common/src/next/index.js": {"path":"/Users/medmed/Development/frontend/packages/util-common/src/next/index.js","statementMap":{"0":{"start":{"line":2,"column":2},"end":{"line":32,"column":3}},"1":{"start":{"line":3,"column":2},"end":{"line":32,"column":3}},"2":{"start":{"line":4,"column":20},"end":{"line":4,"column":22}},"3":{"start":{"line":6,"column":28},"end":{"line":6,"column":41}},"4":{"start":{"line":7,"column":19},"end":{"line":27,"column":5}},"5":{"start":{"line":8,"column":6},"end":{"line":9,"column":56}},"6":{"start":{"line":9,"column":8},"end":{"line":9,"column":56}},"7":{"start":{"line":11,"column":6},"end":{"line":11,"column":24}},"8":{"start":{"line":13,"column":6},"end":{"line":26,"column":7}},"9":{"start":{"line":14,"column":21},"end":{"line":23,"column":9}},"10":{"start":{"line":15,"column":10},"end":{"line":15,"column":64}},"11":{"start":{"line":16,"column":10},"end":{"line":16,"column":46}},"12":{"start":{"line":17,"column":10},"end":{"line":20,"column":12}},"13":{"start":{"line":22,"column":10},"end":{"line":22,"column":33}},"14":{"start":{"line":25,"column":8},"end":{"line":25,"column":67}},"15":{"start":{"line":29,"column":4},"end":{"line":29,"column":20}},"16":{"start":{"line":31,"column":4},"end":{"line":31,"column":27}},"17":{"start":{"line":35,"column":2},"end":{"line":53,"column":3}},"18":{"start":{"line":36,"column":2},"end":{"line":53,"column":3}},"19":{"start":{"line":37,"column":28},"end":{"line":37,"column":41}},"20":{"start":{"line":38,"column":21},"end":{"line":50,"column":5}},"21":{"start":{"line":39,"column":6},"end":{"line":49,"column":7}},"22":{"start":{"line":41,"column":10},"end":{"line":45,"column":14}},"23":{"start":{"line":42,"column":12},"end":{"line":45,"column":14}},"24":{"start":{"line":51,"column":4},"end":{"line":51,"column":32}},"25":{"start":{"line":52,"column":4},"end":{"line":52,"column":27}}},"fnMap":{"0":{"name":"(anonymous_0)","decl":{"start":{"line":2,"column":2},"end":{"line":2,"column":3}},"loc":{"start":{"line":3,"column":2},"end":{"line":32,"column":3}},"line":3},"1":{"name":"(anonymous_1)","decl":{"start":{"line":3,"column":2},"end":{"line":3,"column":3}},"loc":{"start":{"line":3,"column":22},"end":{"line":32,"column":3}},"line":3},"2":{"name":"(anonymous_2)","decl":{"start":{"line":7,"column":19},"end":{"line":7,"column":20}},"loc":{"start":{"line":7,"column":34},"end":{"line":27,"column":5}},"line":7},"3":{"name":"(anonymous_3)","decl":{"start":{"line":14,"column":21},"end":{"line":14,"column":22}},"loc":{"start":{"line":14,"column":64},"end":{"line":23,"column":9}},"line":14},"4":{"name":"(anonymous_4)","decl":{"start":{"line":35,"column":2},"end":{"line":35,"column":3}},"loc":{"start":{"line":36,"column":2},"end":{"line":53,"column":3}},"line":36},"5":{"name":"(anonymous_5)","decl":{"start":{"line":36,"column":2},"end":{"line":36,"column":3}},"loc":{"start":{"line":36,"column":15},"end":{"line":53,"column":3}},"line":36},"6":{"name":"(anonymous_6)","decl":{"start":{"line":38,"column":37},"end":{"line":38,"column":38}},"loc":{"start":{"line":39,"column":6},"end":{"line":49,"column":7}},"line":39},"7":{"name":"(anonymous_7)","decl":{"start":{"line":40,"column":8},"end":{"line":40,"column":9}},"loc":{"start":{"line":40,"column":16},"end":{"line":46,"column":9}},"line":40}},"branchMap":{"0":{"loc":{"start":{"line":3,"column":9},"end":{"line":3,"column":17}},"type":"default-arg","locations":[{"start":{"line":3,"column":15},"end":{"line":3,"column":17}}],"line":3},"1":{"loc":{"start":{"line":8,"column":6},"end":{"line":9,"column":56}},"type":"if","locations":[{"start":{"line":8,"column":6},"end":{"line":9,"column":56}},{"start":{},"end":{}}],"line":8},"2":{"loc":{"start":{"line":13,"column":6},"end":{"line":26,"column":7}},"type":"if","locations":[{"start":{"line":13,"column":6},"end":{"line":26,"column":7}},{"start":{},"end":{}}],"line":13},"3":{"loc":{"start":{"line":14,"column":22},"end":{"line":14,"column":59}},"type":"default-arg","locations":[{"start":{"line":14,"column":57},"end":{"line":14,"column":59}}],"line":14},"4":{"loc":{"start":{"line":41,"column":10},"end":{"line":45,"column":14}},"type":"if","locations":[{"start":{"line":41,"column":10},"end":{"line":45,"column":14}},{"start":{},"end":{}}],"line":41}},"s":{"0":1,"1":2,"2":2,"3":2,"4":2,"5":6,"6":0,"7":6,"8":6,"9":5,"10":4,"11":4,"12":4,"13":4,"14":5,"15":2,"16":2,"17":1,"18":2,"19":2,"20":2,"21":5,"22":4,"23":4,"24":2,"25":2},"f":{"0":2,"1":2,"2":6,"3":4,"4":2,"5":2,"6":5,"7":4},"b":{"0":[1],"1":[0,6],"2":[5,1],"3":[0],"4":[4,0]},"inputSourceMap":null,"_coverageSchema":"1a1c01bbd47fc00a2c39e90264f33305004495a9","hash":"281a2a1f0f84c8e840dc2655af4784a6d35d8da0"}
,"/Users/medmed/Development/frontend/packages/util-common/src/text/index.js": {"path":"/Users/medmed/Development/frontend/packages/util-common/src/text/index.js","statementMap":{},"fnMap":{},"branchMap":{},"s":{},"f":{},"b":{},"inputSourceMap":null,"_coverageSchema":"1a1c01bbd47fc00a2c39e90264f33305004495a9","hash":"8ec32ef58762a3795ed292cc5b48ac382e6327e8"}
,"/Users/medmed/Development/frontend/packages/util-common/src/text/text.js": {"path":"/Users/medmed/Development/frontend/packages/util-common/src/text/text.js","statementMap":{"0":{"start":{"line":1,"column":25},"end":{"line":9,"column":14}},"1":{"start":{"line":2,"column":2},"end":{"line":9,"column":14}},"2":{"start":{"line":5,"column":6},"end":{"line":7,"column":14}},"3":{"start":{"line":11,"column":37},"end":{"line":11,"column":39}},"4":{"start":{"line":13,"column":30},"end":{"line":21,"column":1}},"5":{"start":{"line":17,"column":16},"end":{"line":17,"column":38}},"6":{"start":{"line":18,"column":30},"end":{"line":18,"column":64}},"7":{"start":{"line":20,"column":2},"end":{"line":20,"column":29}},"8":{"start":{"line":23,"column":25},"end":{"line":24,"column":35}},"9":{"start":{"line":24,"column":2},"end":{"line":24,"column":35}}},"fnMap":{"0":{"name":"(anonymous_0)","decl":{"start":{"line":1,"column":25},"end":{"line":1,"column":26}},"loc":{"start":{"line":2,"column":2},"end":{"line":9,"column":14}},"line":2},"1":{"name":"(anonymous_1)","decl":{"start":{"line":4,"column":9},"end":{"line":4,"column":10}},"loc":{"start":{"line":5,"column":6},"end":{"line":7,"column":14}},"line":5},"2":{"name":"(anonymous_2)","decl":{"start":{"line":13,"column":30},"end":{"line":13,"column":31}},"loc":{"start":{"line":16,"column":6},"end":{"line":21,"column":1}},"line":16},"3":{"name":"(anonymous_3)","decl":{"start":{"line":23,"column":25},"end":{"line":23,"column":26}},"loc":{"start":{"line":24,"column":2},"end":{"line":24,"column":35}},"line":24}},"branchMap":{"0":{"loc":{"start":{"line":1,"column":34},"end":{"line":1,"column":55}},"type":"default-arg","locations":[{"start":{"line":1,"column":50},"end":{"line":1,"column":55}}],"line":1},"1":{"loc":{"start":{"line":5,"column":6},"end":{"line":7,"column":14}},"type":"cond-expr","locations":[{"start":{"line":6,"column":10},"end":{"line":6,"column":54}},{"start":{"line":7,"column":10},"end":{"line":7,"column":14}}],"line":5},"2":{"loc":{"start":{"line":5,"column":6},"end":{"line":5,"column":31}},"type":"binary-expr","locations":[{"start":{"line":5,"column":6},"end":{"line":5,"column":20}},{"start":{"line":5,"column":24},"end":{"line":5,"column":31}}],"line":5},"3":{"loc":{"start":{"line":15,"column":2},"end":{"line":15,"column":40}},"type":"default-arg","locations":[{"start":{"line":15,"column":19},"end":{"line":15,"column":40}}],"line":15},"4":{"loc":{"start":{"line":23,"column":26},"end":{"line":23,"column":37}},"type":"default-arg","locations":[{"start":{"line":23,"column":35},"end":{"line":23,"column":37}}],"line":23}},"s":{"0":1,"1":0,"2":0,"3":1,"4":1,"5":2,"6":2,"7":2,"8":1,"9":2},"f":{"0":0,"1":0,"2":2,"3":2},"b":{"0":[0],"1":[0,0],"2":[0,0],"3":[2],"4":[0]},"inputSourceMap":null,"_coverageSchema":"1a1c01bbd47fc00a2c39e90264f33305004495a9","hash":"e85044103715dbae6785a6678e361477448017df"}
}
