TN:
SF:src/checker/index.ts
FN:1,(anonymous_0)
FN:7,(anonymous_1)
FN:10,(anonymous_2)
FN:12,(anonymous_3)
FN:15,(anonymous_4)
FN:18,(anonymous_5)
FN:21,(anonymous_6)
FN:24,(anonymous_7)
FN:28,(anonymous_8)
FN:31,(anonymous_9)
FNF:10
FNH:6
FNDA:2,(anonymous_0)
FNDA:2,(anonymous_1)
FNDA:1,(anonymous_2)
FNDA:0,(anonymous_3)
FNDA:0,(anonymous_4)
FNDA:1,(anonymous_5)
FNDA:0,(anonymous_6)
FNDA:6,(anonymous_7)
FNDA:2,(anonymous_8)
FNDA:0,(anonymous_9)
DA:1,2
DA:2,2
DA:3,2
DA:4,2
DA:7,2
DA:8,2
DA:10,2
DA:12,2
DA:13,0
DA:15,2
DA:16,0
DA:18,2
DA:19,1
DA:21,2
DA:22,0
DA:24,2
DA:25,6
DA:28,2
DA:29,2
DA:31,2
LF:20
LH:17
BRDA:8,0,0,2
BRDA:8,0,1,1
BRDA:13,1,0,0
BRDA:13,1,1,0
BRDA:25,2,0,6
BRDA:25,2,1,4
BRDA:26,3,0,4
BRDA:26,3,1,0
BRF:8
BRH:5
end_of_record
TN:
SF:src/date/index.js
FN:4,(anonymous_0)
FN:12,(anonymous_1)
FN:20,(anonymous_2)
FN:22,(anonymous_3)
FN:25,(anonymous_4)
FN:25,(anonymous_5)
FN:30,(anonymous_6)
FNF:7
FNH:6
FNDA:0,(anonymous_0)
FNDA:1,(anonymous_1)
FNDA:7,(anonymous_2)
FNDA:7,(anonymous_3)
FNDA:7,(anonymous_4)
FNDA:7,(anonymous_5)
FNDA:1,(anonymous_6)
DA:4,1
DA:5,0
DA:6,0
DA:7,0
DA:9,0
DA:12,1
DA:16,1
DA:20,7
DA:21,1
DA:22,1
DA:23,7
DA:25,7
DA:26,7
DA:30,1
DA:33,1
LF:15
LH:11
BRDA:6,0,0,0
BRDA:6,0,1,0
BRDA:7,1,0,0
BRDA:7,1,1,0
BRDA:13,2,0,0
BRDA:14,3,0,1
BRDA:30,4,0,0
BRDA:31,5,0,0
BRDA:32,6,0,1
BRF:9
BRH:2
end_of_record
TN:
SF:src/entities/Maybe.ts
FN:14,(anonymous_0)
FN:15,(anonymous_1)
FN:16,(anonymous_2)
FN:17,(anonymous_3)
FN:22,(anonymous_4)
FN:23,(anonymous_5)
FN:24,(anonymous_6)
FN:25,(anonymous_7)
FN:30,(anonymous_8)
FNF:9
FNH:9
FNDA:26,(anonymous_0)
FNDA:4,(anonymous_1)
FNDA:11,(anonymous_2)
FNDA:10,(anonymous_3)
FNDA:10,(anonymous_4)
FNDA:1,(anonymous_5)
FNDA:2,(anonymous_6)
FNDA:5,(anonymous_7)
FNDA:33,(anonymous_8)
DA:14,26
DA:15,4
DA:16,11
DA:17,10
DA:22,10
DA:23,1
DA:24,2
DA:25,5
DA:30,4
DA:31,33
DA:32,26
DA:33,26
LF:12
LH:12
BRDA:31,0,0,7
BRDA:31,1,0,33
BRDA:31,1,1,28
BRDA:33,2,0,0
BRDA:33,2,1,26
BRF:5
BRH:4
end_of_record
TN:
SF:src/entities/Obj.ts
FN:14,(anonymous_0)
FN:15,(anonymous_1)
FN:16,(anonymous_2)
FN:17,(anonymous_3)
FN:18,(anonymous_4)
FN:20,(anonymous_5)
FN:27,(anonymous_6)
FN:30,(anonymous_7)
FN:33,(anonymous_8)
FN:35,(anonymous_9)
FN:42,(anonymous_10)
FN:44,(anonymous_11)
FN:47,(anonymous_12)
FN:48,(anonymous_13)
FN:49,(anonymous_14)
FN:57,(anonymous_15)
FN:58,(anonymous_16)
FNF:17
FNH:12
FNDA:26,(anonymous_0)
FNDA:2,(anonymous_1)
FNDA:0,(anonymous_2)
FNDA:10,(anonymous_3)
FNDA:2,(anonymous_4)
FNDA:3,(anonymous_5)
FNDA:4,(anonymous_6)
FNDA:5,(anonymous_7)
FNDA:3,(anonymous_8)
FNDA:8,(anonymous_9)
FNDA:0,(anonymous_10)
FNDA:0,(anonymous_11)
FNDA:0,(anonymous_12)
FNDA:1,(anonymous_13)
FNDA:2,(anonymous_14)
FNDA:4,(anonymous_15)
FNDA:0,(anonymous_16)
DA:14,26
DA:15,2
DA:16,0
DA:17,10
DA:19,2
DA:20,2
DA:21,3
DA:22,1
DA:25,2
DA:28,4
DA:29,4
DA:30,5
DA:31,4
DA:34,3
DA:35,3
DA:36,8
DA:37,4
DA:40,3
DA:43,0
DA:44,0
DA:47,0
DA:49,1
DA:50,2
DA:51,1
DA:53,2
DA:55,1
DA:57,4
DA:58,0
LF:28
LH:23
BRDA:21,0,0,1
BRDA:29,1,0,1
BRDA:29,1,1,3
BRDA:36,2,0,4
BRDA:50,3,0,1
BRF:5
BRH:5
end_of_record
TN:
SF:src/entities/index.ts
FN:2,(anonymous_0)
FN:3,(anonymous_1)
FN:19,Right
FN:21,(anonymous_3)
FN:22,(anonymous_4)
FN:23,(anonymous_5)
FN:23,(anonymous_6)
FN:27,Left
FN:29,(anonymous_8)
FN:30,(anonymous_9)
FN:31,(anonymous_10)
FN:31,(anonymous_11)
FN:35,Try
FN:39,(anonymous_13)
FN:43,If
FNF:15
FNH:6
FNDA:1,(anonymous_0)
FNDA:3,(anonymous_1)
FNDA:2,Right
FNDA:1,(anonymous_3)
FNDA:0,(anonymous_4)
FNDA:1,(anonymous_5)
FNDA:0,(anonymous_6)
FNDA:0,Left
FNDA:0,(anonymous_8)
FNDA:0,(anonymous_9)
FNDA:0,(anonymous_10)
FNDA:0,(anonymous_11)
FNDA:0,Try
FNDA:0,(anonymous_13)
FNDA:1,If
DA:2,4
DA:3,6
DA:19,3
DA:20,2
DA:21,1
DA:22,0
DA:23,1
DA:27,3
DA:28,0
DA:29,0
DA:30,0
DA:31,0
DA:35,3
DA:36,0
DA:37,0
DA:39,0
DA:43,3
DA:44,1
LF:18
LH:10
BRDA:23,0,0,0
BRDA:31,1,0,0
BRDA:44,2,0,1
BRDA:44,2,1,0
BRF:4
BRH:1
end_of_record
TN:
SF:src/formatter/phoneNumbers.ts
FN:2,(anonymous_0)
FN:6,(anonymous_1)
FN:13,(anonymous_2)
FN:18,(anonymous_3)
FNF:4
FNH:4
FNDA:4,(anonymous_0)
FNDA:2,(anonymous_1)
FNDA:3,(anonymous_2)
FNDA:2,(anonymous_3)
DA:2,1
DA:3,4
DA:6,1
DA:7,2
DA:13,1
DA:14,3
DA:18,1
DA:22,2
DA:25,2
LF:9
LH:9
BRDA:14,0,0,2
BRDA:14,0,1,1
BRDA:20,1,0,2
BRDA:25,2,0,2
BRDA:25,2,1,0
BRF:5
BRH:4
end_of_record
TN:
SF:src/next/index.js
FN:2,(anonymous_0)
FN:3,(anonymous_1)
FN:7,(anonymous_2)
FN:14,(anonymous_3)
FN:35,(anonymous_4)
FN:36,(anonymous_5)
FN:38,(anonymous_6)
FN:40,(anonymous_7)
FNF:8
FNH:8
FNDA:2,(anonymous_0)
FNDA:2,(anonymous_1)
FNDA:6,(anonymous_2)
FNDA:4,(anonymous_3)
FNDA:2,(anonymous_4)
FNDA:2,(anonymous_5)
FNDA:5,(anonymous_6)
FNDA:4,(anonymous_7)
DA:2,1
DA:3,2
DA:4,2
DA:6,2
DA:7,2
DA:8,6
DA:9,0
DA:11,6
DA:13,6
DA:14,5
DA:15,4
DA:16,4
DA:17,4
DA:22,4
DA:25,5
DA:29,2
DA:31,2
DA:35,1
DA:36,2
DA:37,2
DA:38,2
DA:39,5
DA:41,4
DA:42,4
DA:51,2
DA:52,2
LF:26
LH:25
BRDA:3,0,0,1
BRDA:8,1,0,0
BRDA:8,1,1,6
BRDA:13,2,0,5
BRDA:13,2,1,1
BRDA:14,3,0,0
BRDA:41,4,0,4
BRDA:41,4,1,0
BRF:8
BRH:5
end_of_record
TN:
SF:src/storage/index.ts
FN:43,(anonymous_0)
FN:44,(anonymous_1)
FN:45,(anonymous_2)
FN:48,(anonymous_3)
FN:53,(anonymous_4)
FN:54,(anonymous_5)
FN:55,(anonymous_6)
FN:59,(anonymous_7)
FN:60,(anonymous_8)
FN:63,(anonymous_9)
FN:68,(anonymous_10)
FN:68,(anonymous_11)
FN:71,(anonymous_12)
FN:75,(anonymous_13)
FN:76,(anonymous_14)
FN:77,(anonymous_15)
FN:119,(anonymous_16)
FN:120,(anonymous_17)
FN:121,(anonymous_18)
FN:124,(anonymous_19)
FN:129,(anonymous_20)
FN:130,(anonymous_21)
FN:131,(anonymous_22)
FN:136,(anonymous_23)
FN:137,(anonymous_24)
FN:140,(anonymous_25)
FN:145,(anonymous_26)
FN:146,(anonymous_27)
FN:149,(anonymous_28)
FN:160,(anonymous_29)
FN:190,hasStorageAvailable
FN:192,(anonymous_31)
FN:198,(anonymous_32)
FNF:33
FNH:1
FNDA:0,(anonymous_0)
FNDA:0,(anonymous_1)
FNDA:0,(anonymous_2)
FNDA:0,(anonymous_3)
FNDA:0,(anonymous_4)
FNDA:0,(anonymous_5)
FNDA:0,(anonymous_6)
FNDA:0,(anonymous_7)
FNDA:0,(anonymous_8)
FNDA:0,(anonymous_9)
FNDA:0,(anonymous_10)
FNDA:0,(anonymous_11)
FNDA:0,(anonymous_12)
FNDA:0,(anonymous_13)
FNDA:0,(anonymous_14)
FNDA:0,(anonymous_15)
FNDA:0,(anonymous_16)
FNDA:0,(anonymous_17)
FNDA:0,(anonymous_18)
FNDA:0,(anonymous_19)
FNDA:0,(anonymous_20)
FNDA:0,(anonymous_21)
FNDA:0,(anonymous_22)
FNDA:0,(anonymous_23)
FNDA:0,(anonymous_24)
FNDA:0,(anonymous_25)
FNDA:0,(anonymous_26)
FNDA:0,(anonymous_27)
FNDA:0,(anonymous_28)
FNDA:1,(anonymous_29)
FNDA:0,hasStorageAvailable
FNDA:0,(anonymous_31)
FNDA:0,(anonymous_32)
DA:1,1
DA:2,1
DA:42,1
DA:43,0
DA:45,0
DA:46,0
DA:47,0
DA:49,0
DA:50,0
DA:54,0
DA:56,0
DA:60,0
DA:61,0
DA:62,0
DA:64,0
DA:65,0
DA:68,0
DA:69,0
DA:70,0
DA:72,0
DA:73,0
DA:76,0
DA:78,0
DA:79,0
DA:118,1
DA:119,0
DA:121,0
DA:122,0
DA:123,0
DA:125,0
DA:126,0
DA:130,0
DA:132,0
DA:137,0
DA:138,0
DA:139,0
DA:141,0
DA:142,0
DA:146,0
DA:147,0
DA:148,0
DA:150,0
DA:151,0
DA:160,1
DA:161,1
DA:162,1
DA:190,1
DA:191,0
DA:192,0
DA:193,0
DA:194,0
DA:195,0
DA:196,0
DA:199,0
LF:54
LH:8
BRDA:43,0,0,0
BRDA:43,0,1,0
BRDA:54,1,0,0
BRDA:54,1,1,0
BRDA:119,2,0,0
BRDA:119,2,1,0
BRDA:130,3,0,0
BRDA:130,3,1,0
BRDA:160,4,0,1
BRDA:160,4,1,1
BRDA:199,5,0,0
BRDA:199,5,1,0
BRDA:199,5,2,0
BRDA:199,5,3,0
BRDA:199,5,4,0
BRDA:199,5,5,0
BRDA:199,5,6,0
BRF:17
BRH:2
end_of_record
TN:
SF:src/text/index.js
FNF:0
FNH:0
LF:0
LH:0
BRF:0
BRH:0
end_of_record
TN:
SF:src/text/text.js
FN:1,(anonymous_0)
FN:4,(anonymous_1)
FN:13,(anonymous_2)
FN:23,(anonymous_3)
FNF:4
FNH:2
FNDA:0,(anonymous_0)
FNDA:0,(anonymous_1)
FNDA:2,(anonymous_2)
FNDA:2,(anonymous_3)
DA:1,1
DA:2,0
DA:5,0
DA:11,1
DA:13,1
DA:17,2
DA:18,2
DA:20,2
DA:23,1
DA:24,2
LF:10
LH:8
BRDA:1,0,0,0
BRDA:5,1,0,0
BRDA:5,1,1,0
BRDA:5,2,0,0
BRDA:5,2,1,0
BRDA:15,3,0,2
BRDA:23,4,0,0
BRF:7
BRH:1
end_of_record
TN:
SF:src/url/index.ts
FN:34,(anonymous_0)
FN:38,(anonymous_1)
FN:46,(anonymous_2)
FN:48,(anonymous_3)
FN:50,(anonymous_4)
FN:52,(anonymous_5)
FN:54,(anonymous_6)
FN:56,(anonymous_7)
FN:61,(anonymous_8)
FN:82,(anonymous_9)
FN:84,(anonymous_10)
FN:85,(anonymous_11)
FN:103,(anonymous_12)
FN:108,(anonymous_13)
FN:111,(anonymous_14)
FN:114,(anonymous_15)
FN:115,(anonymous_16)
FN:116,(anonymous_17)
FN:117,(anonymous_18)
FN:120,(anonymous_19)
FN:123,(anonymous_20)
FN:127,(anonymous_21)
FN:128,(anonymous_22)
FN:134,(anonymous_23)
FN:135,(anonymous_24)
FN:138,(anonymous_25)
FN:141,(anonymous_26)
FN:148,(anonymous_27)
FN:149,(anonymous_28)
FN:151,(anonymous_29)
FN:152,(anonymous_30)
FN:153,(anonymous_31)
FN:154,(anonymous_32)
FN:155,(anonymous_33)
FNF:34
FNH:29
FNDA:91,(anonymous_0)
FNDA:29,(anonymous_1)
FNDA:116,(anonymous_2)
FNDA:2,(anonymous_3)
FNDA:12,(anonymous_4)
FNDA:22,(anonymous_5)
FNDA:14,(anonymous_6)
FNDA:28,(anonymous_7)
FNDA:11,(anonymous_8)
FNDA:1,(anonymous_9)
FNDA:32,(anonymous_10)
FNDA:4,(anonymous_11)
FNDA:33,(anonymous_12)
FNDA:4,(anonymous_13)
FNDA:4,(anonymous_14)
FNDA:14,(anonymous_15)
FNDA:1,(anonymous_16)
FNDA:1,(anonymous_17)
FNDA:1,(anonymous_18)
FNDA:1,(anonymous_19)
FNDA:0,(anonymous_20)
FNDA:0,(anonymous_21)
FNDA:1,(anonymous_22)
FNDA:1,(anonymous_23)
FNDA:3,(anonymous_24)
FNDA:3,(anonymous_25)
FNDA:3,(anonymous_26)
FNDA:0,(anonymous_27)
FNDA:3,(anonymous_28)
FNDA:0,(anonymous_29)
FNDA:1,(anonymous_30)
FNDA:3,(anonymous_31)
FNDA:0,(anonymous_32)
FNDA:3,(anonymous_33)
DA:6,2
DA:34,2
DA:35,91
DA:36,91
DA:37,8
DA:38,29
DA:46,116
DA:48,2
DA:50,12
DA:52,22
DA:54,14
DA:56,28
DA:62,11
DA:63,2
DA:72,9
DA:82,1
DA:84,32
DA:85,4
DA:103,2
DA:104,33
DA:105,33
DA:108,2
DA:109,4
DA:111,2
DA:112,4
DA:114,14
DA:115,1
DA:116,1
DA:118,1
DA:121,1
DA:123,0
DA:127,0
DA:129,1
DA:134,1
DA:136,3
DA:139,3
DA:142,3
DA:143,3
DA:144,3
DA:148,0
DA:149,3
DA:151,0
DA:152,1
DA:153,3
DA:154,0
DA:155,3
LF:46
LH:41
BRDA:36,0,0,83
BRDA:38,1,0,29
BRDA:38,1,1,29
BRDA:50,2,0,1
BRDA:50,2,1,11
BRDA:52,3,0,1
BRDA:52,3,1,21
BRDA:54,4,0,1
BRDA:54,4,1,13
BRDA:54,5,0,13
BRDA:54,5,1,9
BRDA:54,6,0,13
BRDA:54,6,1,9
BRDA:56,7,0,1
BRDA:56,7,1,27
BRDA:56,8,0,21
BRDA:56,8,1,6
BRDA:56,9,0,21
BRDA:56,9,1,0
BRDA:62,10,0,2
BRDA:104,11,0,9
BRDA:104,11,1,24
BRDA:109,12,0,2
BRDA:109,12,1,2
BRDA:109,13,0,4
BRDA:109,13,1,3
BRDA:112,14,0,2
BRDA:112,14,1,2
BRDA:112,15,0,4
BRDA:112,15,1,3
BRDA:130,16,0,0
BRDA:130,16,1,1
BRF:32
BRH:30
end_of_record
