TN:
SF:src/checker/index.ts
FN:1,(anonymous_0)
FN:7,(anonymous_1)
FN:10,(anonymous_2)
FN:12,(anonymous_3)
FN:15,(anonymous_4)
FN:18,(anonymous_5)
FN:21,(anonymous_6)
FN:24,(anonymous_7)
FN:28,(anonymous_8)
FN:31,(anonymous_9)
FNF:10
FNH:6
FNDA:2,(anonymous_0)
FNDA:2,(anonymous_1)
FNDA:1,(anonymous_2)
FNDA:0,(anonymous_3)
FNDA:0,(anonymous_4)
FNDA:1,(anonymous_5)
FNDA:0,(anonymous_6)
FNDA:6,(anonymous_7)
FNDA:2,(anonymous_8)
FNDA:0,(anonymous_9)
DA:1,1
DA:2,2
DA:3,2
DA:4,2
DA:7,1
DA:8,2
DA:10,1
DA:12,1
DA:13,0
DA:15,1
DA:16,0
DA:18,1
DA:19,1
DA:21,1
DA:22,0
DA:24,1
DA:25,6
DA:28,1
DA:29,2
DA:31,1
LF:20
LH:17
BRDA:8,0,0,2
BRDA:8,0,1,1
BRDA:13,1,0,0
BRDA:13,1,1,0
BRDA:25,2,0,6
BRDA:25,2,1,4
BRDA:26,3,0,4
BRDA:26,3,1,0
BRF:8
BRH:5
end_of_record
TN:
SF:src/date/index.js
FN:4,(anonymous_0)
FN:12,(anonymous_1)
FN:20,(anonymous_2)
FN:22,(anonymous_3)
FN:25,(anonymous_4)
FN:25,(anonymous_5)
FN:30,(anonymous_6)
FNF:7
FNH:6
FNDA:0,(anonymous_0)
FNDA:1,(anonymous_1)
FNDA:7,(anonymous_2)
FNDA:7,(anonymous_3)
FNDA:7,(anonymous_4)
FNDA:7,(anonymous_5)
FNDA:1,(anonymous_6)
DA:4,1
DA:5,0
DA:6,0
DA:7,0
DA:9,0
DA:12,1
DA:16,1
DA:20,7
DA:21,1
DA:22,1
DA:23,7
DA:25,7
DA:26,7
DA:30,1
DA:33,1
LF:15
LH:11
BRDA:6,0,0,0
BRDA:6,0,1,0
BRDA:7,1,0,0
BRDA:7,1,1,0
BRDA:13,2,0,0
BRDA:14,3,0,1
BRDA:30,4,0,0
BRDA:31,5,0,0
BRDA:32,6,0,1
BRF:9
BRH:2
end_of_record
TN:
SF:src/entities/Maybe.ts
FN:14,(anonymous_0)
FN:15,(anonymous_1)
FN:16,(anonymous_2)
FN:17,(anonymous_3)
FN:22,(anonymous_4)
FN:23,(anonymous_5)
FN:24,(anonymous_6)
FN:25,(anonymous_7)
FN:30,(anonymous_8)
FNF:9
FNH:9
FNDA:20,(anonymous_0)
FNDA:4,(anonymous_1)
FNDA:8,(anonymous_2)
FNDA:7,(anonymous_3)
FNDA:10,(anonymous_4)
FNDA:1,(anonymous_5)
FNDA:2,(anonymous_6)
FNDA:5,(anonymous_7)
FNDA:27,(anonymous_8)
DA:14,20
DA:15,4
DA:16,8
DA:17,7
DA:22,10
DA:23,1
DA:24,2
DA:25,5
DA:30,1
DA:31,27
DA:32,20
DA:33,20
LF:12
LH:12
BRDA:31,0,0,7
BRDA:31,1,0,27
BRDA:31,1,1,22
BRDA:33,2,0,0
BRDA:33,2,1,20
BRF:5
BRH:4
end_of_record
TN:
SF:src/entities/Obj.ts
FN:14,(anonymous_0)
FN:15,(anonymous_1)
FN:16,(anonymous_2)
FN:17,(anonymous_3)
FN:18,(anonymous_4)
FN:20,(anonymous_5)
FN:27,(anonymous_6)
FN:30,(anonymous_7)
FN:33,(anonymous_8)
FN:35,(anonymous_9)
FN:42,(anonymous_10)
FN:44,(anonymous_11)
FN:47,(anonymous_12)
FN:48,(anonymous_13)
FN:49,(anonymous_14)
FN:57,(anonymous_15)
FN:58,(anonymous_16)
FNF:17
FNH:12
FNDA:24,(anonymous_0)
FNDA:2,(anonymous_1)
FNDA:0,(anonymous_2)
FNDA:10,(anonymous_3)
FNDA:2,(anonymous_4)
FNDA:3,(anonymous_5)
FNDA:3,(anonymous_6)
FNDA:4,(anonymous_7)
FNDA:3,(anonymous_8)
FNDA:8,(anonymous_9)
FNDA:0,(anonymous_10)
FNDA:0,(anonymous_11)
FNDA:0,(anonymous_12)
FNDA:1,(anonymous_13)
FNDA:2,(anonymous_14)
FNDA:3,(anonymous_15)
FNDA:0,(anonymous_16)
DA:14,24
DA:15,2
DA:16,0
DA:17,10
DA:19,2
DA:20,2
DA:21,3
DA:22,1
DA:25,2
DA:28,3
DA:29,3
DA:30,4
DA:31,3
DA:34,3
DA:35,3
DA:36,8
DA:37,4
DA:40,3
DA:43,0
DA:44,0
DA:47,0
DA:49,1
DA:50,2
DA:51,1
DA:53,2
DA:55,1
DA:57,3
DA:58,0
LF:28
LH:23
BRDA:21,0,0,1
BRDA:29,1,0,1
BRDA:29,1,1,2
BRDA:36,2,0,4
BRDA:50,3,0,1
BRF:5
BRH:5
end_of_record
TN:
SF:src/formatter/phoneNumbers.ts
FN:2,(anonymous_0)
FN:6,(anonymous_1)
FN:13,(anonymous_2)
FN:18,(anonymous_3)
FNF:4
FNH:4
FNDA:4,(anonymous_0)
FNDA:2,(anonymous_1)
FNDA:3,(anonymous_2)
FNDA:2,(anonymous_3)
DA:2,1
DA:3,4
DA:6,1
DA:7,2
DA:13,1
DA:14,3
DA:18,1
DA:22,2
DA:25,2
LF:9
LH:9
BRDA:14,0,0,2
BRDA:14,0,1,1
BRDA:20,1,0,2
BRDA:25,2,0,2
BRDA:25,2,1,0
BRF:5
BRH:4
end_of_record
TN:
SF:src/next/index.js
FN:2,(anonymous_0)
FN:3,(anonymous_1)
FN:7,(anonymous_2)
FN:14,(anonymous_3)
FN:35,(anonymous_4)
FN:36,(anonymous_5)
FN:38,(anonymous_6)
FN:40,(anonymous_7)
FNF:8
FNH:8
FNDA:2,(anonymous_0)
FNDA:2,(anonymous_1)
FNDA:6,(anonymous_2)
FNDA:4,(anonymous_3)
FNDA:2,(anonymous_4)
FNDA:2,(anonymous_5)
FNDA:5,(anonymous_6)
FNDA:4,(anonymous_7)
DA:2,1
DA:3,2
DA:4,2
DA:6,2
DA:7,2
DA:8,6
DA:9,0
DA:11,6
DA:13,6
DA:14,5
DA:15,4
DA:16,4
DA:17,4
DA:22,4
DA:25,5
DA:29,2
DA:31,2
DA:35,1
DA:36,2
DA:37,2
DA:38,2
DA:39,5
DA:41,4
DA:42,4
DA:51,2
DA:52,2
LF:26
LH:25
BRDA:3,0,0,1
BRDA:8,1,0,0
BRDA:8,1,1,6
BRDA:13,2,0,5
BRDA:13,2,1,1
BRDA:14,3,0,0
BRDA:41,4,0,4
BRDA:41,4,1,0
BRF:8
BRH:5
end_of_record
TN:
SF:src/text/index.js
FNF:0
FNH:0
LF:0
LH:0
BRF:0
BRH:0
end_of_record
TN:
SF:src/text/text.js
FN:1,(anonymous_0)
FN:4,(anonymous_1)
FN:13,(anonymous_2)
FN:23,(anonymous_3)
FNF:4
FNH:2
FNDA:0,(anonymous_0)
FNDA:0,(anonymous_1)
FNDA:2,(anonymous_2)
FNDA:2,(anonymous_3)
DA:1,1
DA:2,0
DA:5,0
DA:11,1
DA:13,1
DA:17,2
DA:18,2
DA:20,2
DA:23,1
DA:24,2
LF:10
LH:8
BRDA:1,0,0,0
BRDA:5,1,0,0
BRDA:5,1,1,0
BRDA:5,2,0,0
BRDA:5,2,1,0
BRDA:15,3,0,2
BRDA:23,4,0,0
BRF:7
BRH:1
end_of_record
